Using pre-set license
Built from '2020.2/release' branch; Version is '2020.2.4f1 (becced5a802b) revision 12504301'; Using compiler version '192528614'; Build Type 'Release'
OS: 'Windows 10 Home; OS build 19042.928; Version 2009; 64bit' Language: 'en' Physical Memory: 4012 MB
BatchMode: 1, IsHumanControllingUs: 0, StartBugReporterOnCrash: 0, Is64bit: 1, IsPro: 0

 COMMAND LINE ARGUMENTS:
C:\Program Files\Unity\Hub\Editor\2020.2.4f1\Editor\Unity.exe
-adb2
-batchMode
-noUpm
-name
AssetImportWorker2
-projectPath
C:/Users/nikki/Documents/GitHub/Assessment-4
-logFile
Logs/AssetImportWorker2.log
-srvPort
64396
Successfully changed project path to: C:/Users/nikki/Documents/GitHub/Assessment-4
C:/Users/nikki/Documents/GitHub/Assessment-4
Using Asset Import Pipeline V2.
Refreshing native plugins compatible for Editor in 108.78 ms, found 1 plugins.
Preloading 0 native plugins for Editor in 0.00 ms.
Initialize engine version: 2020.2.4f1 (becced5a802b)
[Subsystems] Discovering subsystems at path C:/Program Files/Unity/Hub/Editor/2020.2.4f1/Editor/Data/Resources/UnitySubsystems
[Subsystems] Discovering subsystems at path C:/Users/nikki/Documents/GitHub/Assessment-4/Assets
GfxDevice: creating device client; threaded=0
Direct3D:
    Version:  Direct3D 11.0 [level 11.1]
    Renderer: Intel(R) UHD Graphics 620 (ID=0x5917)
    Vendor:   
    VRAM:     2006 MB
    Driver:   24.20.100.6286
Initialize mono
Mono path[0] = 'C:/Program Files/Unity/Hub/Editor/2020.2.4f1/Editor/Data/Managed'
Mono path[1] = 'C:/Program Files/Unity/Hub/Editor/2020.2.4f1/Editor/Data/MonoBleedingEdge/lib/mono/unityjit'
Mono config path = 'C:/Program Files/Unity/Hub/Editor/2020.2.4f1/Editor/Data/MonoBleedingEdge/etc'
Using monoOptions --debugger-agent=transport=dt_socket,embedding=1,server=y,suspend=n,address=127.0.0.1:56820
Begin MonoManager ReloadAssembly
Registering precompiled unity dll's ...
Register platform support module: C:/Program Files/Unity/Hub/Editor/2020.2.4f1/Editor/Data/PlaybackEngines/WebGLSupport/UnityEditor.WebGL.Extensions.dll
Register platform support module: C:/Program Files/Unity/Hub/Editor/2020.2.4f1/Editor/Data/PlaybackEngines/WindowsStandaloneSupport/UnityEditor.WindowsStandalone.Extensions.dll
Registered in 0.006410 seconds.
Native extension for WindowsStandalone target not found
Native extension for WebGL target not found
Refreshing native plugins compatible for Editor in 95.21 ms, found 1 plugins.
Preloading 0 native plugins for Editor in 0.00 ms.
Invoked RoslynAnalysisRunner static constructor.
RoslynAnalysisRunner will not be running.
RoslynAnalysisRunner has terminated.
Mono: successfully reloaded assembly
- Completed reload, in  3.390 seconds
Platform modules already initialized, skipping
Registering precompiled user dll's ...
Registered in 0.002584 seconds.
Begin MonoManager ReloadAssembly
Native extension for WindowsStandalone target not found
Native extension for WebGL target not found
Refreshing native plugins compatible for Editor in 101.68 ms, found 1 plugins.
Preloading 0 native plugins for Editor in 0.00 ms.
Invoked RoslynAnalysisRunner static constructor.
RoslynAnalysisRunner will not be running.
RoslynAnalysisRunner has terminated.
Mono: successfully reloaded assembly
- Completed reload, in  2.764 seconds
Platform modules already initialized, skipping
========================================================================
Worker process is ready to serve import requests
Launched and connected shader compiler UnityShaderCompiler.exe after 0.36 seconds
Refreshing native plugins compatible for Editor in 1.50 ms, found 1 plugins.
Preloading 0 native plugins for Editor in 0.00 ms.
Unloading 1817 Unused Serialized files (Serialized files now loaded: 0)
System memory in use before: 86.5 MB.
System memory in use after: 86.6 MB.

Unloading 19 unused Assets to reduce memory usage. Loaded Objects now: 2266.
Total: 9.943500 ms (FindLiveObjects: 0.807800 ms CreateObjectMapping: 0.415200 ms MarkObjects: 8.424100 ms  DeleteObjects: 0.292000 ms)

========================================================================
Received Import Request.
  path: Assets/Scripts/Enemy.cs
  artifactKey: Guid(c4e6e14c49e1ec34b99e9ae74725d193) Importer(815301076,1909f56bfc062723c751e8b465ee728b)
Start importing Assets/Scripts/Enemy.cs using Guid(c4e6e14c49e1ec34b99e9ae74725d193) Importer(815301076,1909f56bfc062723c751e8b465ee728b)  -> (artifact id: '9810a7ec09dbd7464b20aa9fefaa54be') in 0.217957 seconds
  Import took 0.232438 seconds .

========================================================================
Received Prepare
Refreshing native plugins compatible for Editor in 14.02 ms, found 1 plugins.
Preloading 0 native plugins for Editor in 0.00 ms.
Unloading 5 Unused Serialized files (Serialized files now loaded: 0)
System memory in use before: 49.5 MB.
System memory in use after: 49.6 MB.

Unloading 5 unused Assets to reduce memory usage. Loaded Objects now: 2266.
Total: 11.492600 ms (FindLiveObjects: 0.757700 ms CreateObjectMapping: 0.630000 ms MarkObjects: 10.019200 ms  DeleteObjects: 0.078700 ms)

========================================================================
Received Prepare
Registering precompiled user dll's ...
Registered in 0.002612 seconds.
Begin MonoManager ReloadAssembly
Native extension for WindowsStandalone target not found
Native extension for WebGL target not found
Refreshing native plugins compatible for Editor in 0.46 ms, found 1 plugins.
Preloading 0 native plugins for Editor in 0.00 ms.
Invoked RoslynAnalysisRunner static constructor.
RoslynAnalysisRunner will not be running.
RoslynAnalysisRunner has terminated.
Mono: successfully reloaded assembly
- Completed reload, in  4.067 seconds
Platform modules already initialized, skipping
Refreshing native plugins compatible for Editor in 1.06 ms, found 1 plugins.
Preloading 0 native plugins for Editor in 0.00 ms.
Unloading 1794 Unused Serialized files (Serialized files now loaded: 0)
System memory in use before: 85.1 MB.
System memory in use after: 85.2 MB.

Unloading 7 unused Assets to reduce memory usage. Loaded Objects now: 2269.
Total: 26.892800 ms (FindLiveObjects: 0.740400 ms CreateObjectMapping: 0.355700 ms MarkObjects: 25.502500 ms  DeleteObjects: 0.287200 ms)

========================================================================
Received Prepare
Registering precompiled user dll's ...
Registered in 0.014277 seconds.
Begin MonoManager ReloadAssembly
Native extension for WindowsStandalone target not found
Native extension for WebGL target not found
Refreshing native plugins compatible for Editor in 0.91 ms, found 1 plugins.
Preloading 0 native plugins for Editor in 0.00 ms.
Invoked RoslynAnalysisRunner static constructor.
RoslynAnalysisRunner will not be running.
RoslynAnalysisRunner has terminated.
Mono: successfully reloaded assembly
- Completed reload, in  2.669 seconds
Platform modules already initialized, skipping
Refreshing native plugins compatible for Editor in 2.62 ms, found 1 plugins.
Preloading 0 native plugins for Editor in 0.00 ms.
Unloading 1794 Unused Serialized files (Serialized files now loaded: 0)
System memory in use before: 85.1 MB.
System memory in use after: 85.2 MB.

Unloading 7 unused Assets to reduce memory usage. Loaded Objects now: 2272.
Total: 54.205400 ms (FindLiveObjects: 0.700600 ms CreateObjectMapping: 0.300800 ms MarkObjects: 53.138900 ms  DeleteObjects: 0.059900 ms)

========================================================================
Received Import Request.
  Time since last request: 1113.670312 seconds.
  path: Assets/Scripts/Enemy.cs
  artifactKey: Guid(c4e6e14c49e1ec34b99e9ae74725d193) Importer(815301076,1909f56bfc062723c751e8b465ee728b)
Start importing Assets/Scripts/Enemy.cs using Guid(c4e6e14c49e1ec34b99e9ae74725d193) Importer(815301076,1909f56bfc062723c751e8b465ee728b)  -> (artifact id: 'c53cda10cb7e8f49fda54f9ac59d8aa6') in 0.088915 seconds
  Import took 0.112379 seconds .

========================================================================
Received Prepare
Registering precompiled user dll's ...
Registered in 0.002138 seconds.
Begin MonoManager ReloadAssembly
Native extension for WindowsStandalone target not found
Native extension for WebGL target not found
Refreshing native plugins compatible for Editor in 0.80 ms, found 1 plugins.
Preloading 0 native plugins for Editor in 0.00 ms.
Invoked RoslynAnalysisRunner static constructor.
RoslynAnalysisRunner will not be running.
RoslynAnalysisRunner has terminated.
Mono: successfully reloaded assembly
- Completed reload, in  3.720 seconds
Platform modules already initialized, skipping
Refreshing native plugins compatible for Editor in 0.93 ms, found 1 plugins.
Preloading 0 native plugins for Editor in 0.00 ms.
Unloading 1794 Unused Serialized files (Serialized files now loaded: 0)
System memory in use before: 85.1 MB.
System memory in use after: 85.2 MB.

Unloading 7 unused Assets to reduce memory usage. Loaded Objects now: 2275.
Total: 50.520600 ms (FindLiveObjects: 1.218700 ms CreateObjectMapping: 0.329700 ms MarkObjects: 48.854900 ms  DeleteObjects: 0.111600 ms)

========================================================================
Received Prepare
Registering precompiled user dll's ...
Registered in 0.003994 seconds.
Begin MonoManager ReloadAssembly
Native extension for WindowsStandalone target not found
Native extension for WebGL target not found
Refreshing native plugins compatible for Editor in 1.16 ms, found 1 plugins.
Preloading 0 native plugins for Editor in 0.00 ms.
Invoked RoslynAnalysisRunner static constructor.
RoslynAnalysisRunner will not be running.
RoslynAnalysisRunner has terminated.
Mono: successfully reloaded assembly
- Completed reload, in  3.364 seconds
Platform modules already initialized, skipping
Refreshing native plugins compatible for Editor in 0.86 ms, found 1 plugins.
Preloading 0 native plugins for Editor in 0.00 ms.
Unloading 1794 Unused Serialized files (Serialized files now loaded: 0)
System memory in use before: 85.1 MB.
System memory in use after: 85.2 MB.

Unloading 7 unused Assets to reduce memory usage. Loaded Objects now: 2278.
Total: 4.545800 ms (FindLiveObjects: 0.470700 ms CreateObjectMapping: 0.169300 ms MarkObjects: 3.783400 ms  DeleteObjects: 0.120200 ms)

========================================================================
Received Import Request.
  Time since last request: 766.541558 seconds.
  path: Assets/Sprites/firebullet.png
  artifactKey: Guid(c9ebcd3058e0cb94d8c0713e9ac4cb38) Importer(815301076,1909f56bfc062723c751e8b465ee728b)
Start importing Assets/Sprites/firebullet.png using Guid(c9ebcd3058e0cb94d8c0713e9ac4cb38) Importer(815301076,1909f56bfc062723c751e8b465ee728b)  -> (artifact id: 'c2fe497201d8c2c7cc71bcbffdd4c8a1') in 5.287068 seconds
  Import took 5.588430 seconds .

========================================================================
Received Import Request.
  Time since last request: 0.183242 seconds.
  path: Assets/Sprites/firebullet.png
  artifactKey: Guid(c9ebcd3058e0cb94d8c0713e9ac4cb38) Importer(815301076,1909f56bfc062723c751e8b465ee728b)
Start importing Assets/Sprites/firebullet.png using Guid(c9ebcd3058e0cb94d8c0713e9ac4cb38) Importer(815301076,1909f56bfc062723c751e8b465ee728b)  -> (artifact id: 'c2fe497201d8c2c7cc71bcbffdd4c8a1') in 0.076496 seconds
  Import took 0.104294 seconds .

========================================================================
Received Import Request.
  Time since last request: 20.434379 seconds.
  path: Assets/Resources/firebullet.prefab
  artifactKey: Guid(01f1d749514f01a468718b834270a5b7) Importer(815301076,1909f56bfc062723c751e8b465ee728b)
Start importing Assets/Resources/firebullet.prefab using Guid(01f1d749514f01a468718b834270a5b7) Importer(815301076,1909f56bfc062723c751e8b465ee728b)  -> (artifact id: '62fa60c304898cd1e5de6024473ca55b') in 0.529354 seconds
  Import took 0.553357 seconds .

========================================================================
Received Import Request.
  Time since last request: 11.096201 seconds.
  path: Assets/Resources/firebullet.prefab
  artifactKey: Guid(01f1d749514f01a468718b834270a5b7) Importer(815301076,1909f56bfc062723c751e8b465ee728b)
Start importing Assets/Resources/firebullet.prefab using Guid(01f1d749514f01a468718b834270a5b7) Importer(815301076,1909f56bfc062723c751e8b465ee728b)  -> (artifact id: 'bc318a3d5f799cc8672c58a9463a5c7a') in 0.031791 seconds
  Import took 0.060494 seconds .

========================================================================
Received Import Request.
  Time since last request: 24.825557 seconds.
  path: Assets/Resources/firebullet.prefab
  artifactKey: Guid(01f1d749514f01a468718b834270a5b7) Importer(815301076,1909f56bfc062723c751e8b465ee728b)
Start importing Assets/Resources/firebullet.prefab using Guid(01f1d749514f01a468718b834270a5b7) Importer(815301076,1909f56bfc062723c751e8b465ee728b)  -> (artifact id: '9e5ed3dd5e91452bd891f30f8b878f61') in 0.025037 seconds
  Import took 0.033625 seconds .

========================================================================
Received Import Request.
  Time since last request: 0.011421 seconds.
  path: Assets/Resources/firebullet.prefab
  artifactKey: Guid(01f1d749514f01a468718b834270a5b7) Importer(815301076,1909f56bfc062723c751e8b465ee728b)
Start importing Assets/Resources/firebullet.prefab using Guid(01f1d749514f01a468718b834270a5b7) Importer(815301076,1909f56bfc062723c751e8b465ee728b)  -> (artifact id: '9e5ed3dd5e91452bd891f30f8b878f61') in 0.025231 seconds
  Import took 0.033731 seconds .

========================================================================
Received Import Request.
  Time since last request: 14.378741 seconds.
  path: Assets/Resources/firebullet.prefab
  artifactKey: Guid(01f1d749514f01a468718b834270a5b7) Importer(815301076,1909f56bfc062723c751e8b465ee728b)
Start importing Assets/Resources/firebullet.prefab using Guid(01f1d749514f01a468718b834270a5b7) Importer(815301076,1909f56bfc062723c751e8b465ee728b)  -> (artifact id: '593e858d78026c479e0120644ef5b18e') in 0.365499 seconds
  Import took 0.393005 seconds .

========================================================================
Received Import Request.
  Time since last request: 13.278908 seconds.
  path: Assets/Resources/firebullet.prefab
  artifactKey: Guid(01f1d749514f01a468718b834270a5b7) Importer(815301076,1909f56bfc062723c751e8b465ee728b)
Start importing Assets/Resources/firebullet.prefab using Guid(01f1d749514f01a468718b834270a5b7) Importer(815301076,1909f56bfc062723c751e8b465ee728b)  -> (artifact id: 'a2e274ccdf803c9a60e6bdbc9fc1a919') in 0.046589 seconds
  Import took 0.057751 seconds .

========================================================================
Received Import Request.
  Time since last request: 24.481973 seconds.
  path: Assets/Resources/firebullet.prefab
  artifactKey: Guid(01f1d749514f01a468718b834270a5b7) Importer(815301076,1909f56bfc062723c751e8b465ee728b)
Start importing Assets/Resources/firebullet.prefab using Guid(01f1d749514f01a468718b834270a5b7) Importer(815301076,1909f56bfc062723c751e8b465ee728b)  -> (artifact id: 'efbd4d21a2a56d6e51f14c942a64ca93') in 0.038353 seconds
  Import took 0.046642 seconds .

========================================================================
Received Import Request.
  Time since last request: 0.002544 seconds.
  path: Assets/Resources/firebullet.prefab
  artifactKey: Guid(01f1d749514f01a468718b834270a5b7) Importer(815301076,1909f56bfc062723c751e8b465ee728b)
Start importing Assets/Resources/firebullet.prefab using Guid(01f1d749514f01a468718b834270a5b7) Importer(815301076,1909f56bfc062723c751e8b465ee728b)  -> (artifact id: 'efbd4d21a2a56d6e51f14c942a64ca93') in 0.030530 seconds
  Import took 0.036945 seconds .

========================================================================
Received Import Request.
  Time since last request: 12.771048 seconds.
  path: Assets/Resources/firebullet.prefab
  artifactKey: Guid(01f1d749514f01a468718b834270a5b7) Importer(815301076,1909f56bfc062723c751e8b465ee728b)
Start importing Assets/Resources/firebullet.prefab using Guid(01f1d749514f01a468718b834270a5b7) Importer(815301076,1909f56bfc062723c751e8b465ee728b)  -> (artifact id: '4c1bc65ad0fb87087d7c99d70d94745c') in 0.122913 seconds
  Import took 0.135261 seconds .

========================================================================
Received Import Request.
  Time since last request: 22.922876 seconds.
  path: Assets/Resources/firebullet.prefab
  artifactKey: Guid(01f1d749514f01a468718b834270a5b7) Importer(815301076,1909f56bfc062723c751e8b465ee728b)
Start importing Assets/Resources/firebullet.prefab using Guid(01f1d749514f01a468718b834270a5b7) Importer(815301076,1909f56bfc062723c751e8b465ee728b)  -> (artifact id: '6b995ea7ec8034ed86484eccd4406a4e') in 0.390266 seconds
  Import took 0.812670 seconds .

========================================================================
Received Prepare
Registering precompiled user dll's ...
Registered in 0.005542 seconds.
Begin MonoManager ReloadAssembly
Native extension for WindowsStandalone target not found
Native extension for WebGL target not found
Refreshing native plugins compatible for Editor in 1.18 ms, found 1 plugins.
Preloading 0 native plugins for Editor in 0.00 ms.
Invoked RoslynAnalysisRunner static constructor.
RoslynAnalysisRunner will not be running.
RoslynAnalysisRunner has terminated.
Mono: successfully reloaded assembly
- Completed reload, in  5.808 seconds
Platform modules already initialized, skipping
Refreshing native plugins compatible for Editor in 1.15 ms, found 1 plugins.
Preloading 0 native plugins for Editor in 0.00 ms.
Unloading 1794 Unused Serialized files (Serialized files now loaded: 0)
System memory in use before: 88.3 MB.
System memory in use after: 88.4 MB.

Unloading 7 unused Assets to reduce memory usage. Loaded Objects now: 2290.
Total: 25.366700 ms (FindLiveObjects: 1.723600 ms CreateObjectMapping: 0.386400 ms MarkObjects: 23.165000 ms  DeleteObjects: 0.085600 ms)

========================================================================
Received Prepare
Registering precompiled user dll's ...
Registered in 0.010063 seconds.
Begin MonoManager ReloadAssembly
Native extension for WindowsStandalone target not found
Native extension for WebGL target not found
Refreshing native plugins compatible for Editor in 1.06 ms, found 1 plugins.
Preloading 0 native plugins for Editor in 0.00 ms.
Invoked RoslynAnalysisRunner static constructor.
RoslynAnalysisRunner will not be running.
RoslynAnalysisRunner has terminated.
Mono: successfully reloaded assembly
- Completed reload, in  4.449 seconds
Platform modules already initialized, skipping
Refreshing native plugins compatible for Editor in 1.23 ms, found 1 plugins.
Preloading 0 native plugins for Editor in 0.00 ms.
Unloading 1794 Unused Serialized files (Serialized files now loaded: 0)
System memory in use before: 88.3 MB.
System memory in use after: 88.4 MB.

Unloading 7 unused Assets to reduce memory usage. Loaded Objects now: 2293.
Total: 7.983400 ms (FindLiveObjects: 0.720800 ms CreateObjectMapping: 0.393100 ms MarkObjects: 6.708700 ms  DeleteObjects: 0.155700 ms)

========================================================================
Received Import Request.
  Time since last request: 932.853155 seconds.
  path: ProjectSettings/TagManager.asset
  artifactKey: Guid(00000000000000003000000000000000) Importer(815301076,1909f56bfc062723c751e8b465ee728b)
Start importing ProjectSettings/TagManager.asset using Guid(00000000000000003000000000000000) Importer(815301076,1909f56bfc062723c751e8b465ee728b)  -> (artifact id: '2e1f0ea081d04b1cc10a206e558c6d99') in 0.183910 seconds
  Import took 0.206797 seconds .

========================================================================
Received Import Request.
  Time since last request: 18.224141 seconds.
  path: Assets/Resources/firebullet.prefab
  artifactKey: Guid(01f1d749514f01a468718b834270a5b7) Importer(815301076,1909f56bfc062723c751e8b465ee728b)
Start importing Assets/Resources/firebullet.prefab using Guid(01f1d749514f01a468718b834270a5b7) Importer(815301076,1909f56bfc062723c751e8b465ee728b)  -> (artifact id: 'f13b8be40bdeb9f0e4ca999ce0327222') in 0.315109 seconds
  Import took 0.322982 seconds .

========================================================================
Received Prepare
Registering precompiled user dll's ...
Registered in 0.002276 seconds.
Begin MonoManager ReloadAssembly
Native extension for WindowsStandalone target not found
Native extension for WebGL target not found
Refreshing native plugins compatible for Editor in 0.48 ms, found 1 plugins.
Preloading 0 native plugins for Editor in 0.00 ms.
Invoked RoslynAnalysisRunner static constructor.
RoslynAnalysisRunner will not be running.
RoslynAnalysisRunner has terminated.
Mono: successfully reloaded assembly
- Completed reload, in  2.511 seconds
Platform modules already initialized, skipping
Refreshing native plugins compatible for Editor in 1.21 ms, found 1 plugins.
Preloading 0 native plugins for Editor in 0.00 ms.
Unloading 1794 Unused Serialized files (Serialized files now loaded: 0)
System memory in use before: 88.3 MB.
System memory in use after: 88.4 MB.

Unloading 8 unused Assets to reduce memory usage. Loaded Objects now: 2297.
Total: 33.806600 ms (FindLiveObjects: 22.373500 ms CreateObjectMapping: 1.739000 ms MarkObjects: 9.027200 ms  DeleteObjects: 0.661000 ms)

========================================================================
Received Import Request.
  Time since last request: 75.945191 seconds.
  path: Assets/Resources/firebullet.prefab
  artifactKey: Guid(01f1d749514f01a468718b834270a5b7) Importer(815301076,1909f56bfc062723c751e8b465ee728b)
Start importing Assets/Resources/firebullet.prefab using Guid(01f1d749514f01a468718b834270a5b7) Importer(815301076,1909f56bfc062723c751e8b465ee728b)  -> (artifact id: '9c76d97d9064731c383cc11851c9fa03') in 0.308596 seconds
  Import took 0.329543 seconds .

========================================================================
Received Prepare
Registering precompiled user dll's ...
Registered in 0.003191 seconds.
Begin MonoManager ReloadAssembly
Native extension for WindowsStandalone target not found
Native extension for WebGL target not found
Refreshing native plugins compatible for Editor in 0.70 ms, found 1 plugins.
Preloading 0 native plugins for Editor in 0.00 ms.
Invoked RoslynAnalysisRunner static constructor.
RoslynAnalysisRunner will not be running.
RoslynAnalysisRunner has terminated.
Mono: successfully reloaded assembly
- Completed reload, in  2.902 seconds
Platform modules already initialized, skipping
Refreshing native plugins compatible for Editor in 0.97 ms, found 1 plugins.
Preloading 0 native plugins for Editor in 0.00 ms.
Unloading 1794 Unused Serialized files (Serialized files now loaded: 0)
System memory in use before: 88.3 MB.
System memory in use after: 88.4 MB.

Unloading 7 unused Assets to reduce memory usage. Loaded Objects now: 2301.
Total: 4.084900 ms (FindLiveObjects: 0.303600 ms CreateObjectMapping: 0.187700 ms MarkObjects: 3.559300 ms  DeleteObjects: 0.030800 ms)

========================================================================
Received Prepare
Registering precompiled user dll's ...
Registered in 0.024102 seconds.
Begin MonoManager ReloadAssembly
Native extension for WindowsStandalone target not found
Native extension for WebGL target not found
Refreshing native plugins compatible for Editor in 0.74 ms, found 1 plugins.
Preloading 0 native plugins for Editor in 0.00 ms.
Invoked RoslynAnalysisRunner static constructor.
RoslynAnalysisRunner will not be running.
RoslynAnalysisRunner has terminated.
Mono: successfully reloaded assembly
- Completed reload, in  5.113 seconds
Platform modules already initialized, skipping
Refreshing native plugins compatible for Editor in 0.51 ms, found 1 plugins.
Preloading 0 native plugins for Editor in 0.00 ms.
Unloading 1794 Unused Serialized files (Serialized files now loaded: 0)
System memory in use before: 88.3 MB.
System memory in use after: 88.4 MB.

Unloading 7 unused Assets to reduce memory usage. Loaded Objects now: 2304.
Total: 64.436900 ms (FindLiveObjects: 17.607400 ms CreateObjectMapping: 0.438200 ms MarkObjects: 45.666800 ms  DeleteObjects: 0.717900 ms)

========================================================================
Received Prepare
Registering precompiled user dll's ...
Registered in 0.003381 seconds.
Begin MonoManager ReloadAssembly
Native extension for WindowsStandalone target not found
Native extension for WebGL target not found
Refreshing native plugins compatible for Editor in 0.75 ms, found 1 plugins.
Preloading 0 native plugins for Editor in 0.00 ms.
Invoked RoslynAnalysisRunner static constructor.
RoslynAnalysisRunner will not be running.
RoslynAnalysisRunner has terminated.
Mono: successfully reloaded assembly
- Completed reload, in  2.259 seconds
Platform modules already initialized, skipping
Refreshing native plugins compatible for Editor in 0.39 ms, found 1 plugins.
Preloading 0 native plugins for Editor in 0.00 ms.
Unloading 1794 Unused Serialized files (Serialized files now loaded: 0)
System memory in use before: 88.3 MB.
System memory in use after: 88.4 MB.

Unloading 7 unused Assets to reduce memory usage. Loaded Objects now: 2307.
Total: 5.472400 ms (FindLiveObjects: 0.478400 ms CreateObjectMapping: 0.214900 ms MarkObjects: 4.630500 ms  DeleteObjects: 0.145500 ms)

========================================================================
Received Prepare
Registering precompiled user dll's ...
Registered in 0.002438 seconds.
Begin MonoManager ReloadAssembly
Native extension for WindowsStandalone target not found
Native extension for WebGL target not found
Refreshing native plugins compatible for Editor in 0.41 ms, found 1 plugins.
Preloading 0 native plugins for Editor in 0.00 ms.
Invoked RoslynAnalysisRunner static constructor.
RoslynAnalysisRunner will not be running.
RoslynAnalysisRunner has terminated.
Mono: successfully reloaded assembly
- Completed reload, in  1.172 seconds
Platform modules already initialized, skipping
Refreshing native plugins compatible for Editor in 0.58 ms, found 1 plugins.
Preloading 0 native plugins for Editor in 0.00 ms.
Unloading 1794 Unused Serialized files (Serialized files now loaded: 0)
System memory in use before: 88.3 MB.
System memory in use after: 88.5 MB.

Unloading 7 unused Assets to reduce memory usage. Loaded Objects now: 2310.
Total: 2.461100 ms (FindLiveObjects: 0.323000 ms CreateObjectMapping: 0.117400 ms MarkObjects: 1.993400 ms  DeleteObjects: 0.024100 ms)

========================================================================
Received Prepare
Registering precompiled user dll's ...
Registered in 0.002526 seconds.
Begin MonoManager ReloadAssembly
Native extension for WindowsStandalone target not found
Native extension for WebGL target not found
Refreshing native plugins compatible for Editor in 0.57 ms, found 1 plugins.
Preloading 0 native plugins for Editor in 0.00 ms.
Invoked RoslynAnalysisRunner static constructor.
RoslynAnalysisRunner will not be running.
RoslynAnalysisRunner has terminated.
Mono: successfully reloaded assembly
- Completed reload, in  1.949 seconds
Platform modules already initialized, skipping
Refreshing native plugins compatible for Editor in 0.57 ms, found 1 plugins.
Preloading 0 native plugins for Editor in 0.00 ms.
Unloading 1794 Unused Serialized files (Serialized files now loaded: 0)
System memory in use before: 88.3 MB.
System memory in use after: 88.5 MB.

Unloading 7 unused Assets to reduce memory usage. Loaded Objects now: 2313.
Total: 4.879000 ms (FindLiveObjects: 0.662000 ms CreateObjectMapping: 0.216400 ms MarkObjects: 3.899700 ms  DeleteObjects: 0.097300 ms)

========================================================================
Received Import Request.
  Time since last request: 1273.706252 seconds.
  path: Assets/Scenes/Level 3.unity
  artifactKey: Guid(80ae6b781127a9145902033598ce695c) Importer(815301076,1909f56bfc062723c751e8b465ee728b)
Start importing Assets/Scenes/Level 3.unity using Guid(80ae6b781127a9145902033598ce695c) Importer(815301076,1909f56bfc062723c751e8b465ee728b)  -> (artifact id: 'a9c83d0d6db680eb2b40141cf59fddce') in 0.050348 seconds
  Import took 0.055732 seconds .

========================================================================
Received Prepare
Registering precompiled user dll's ...
Registered in 0.001130 seconds.
Begin MonoManager ReloadAssembly
Native extension for WindowsStandalone target not found
Native extension for WebGL target not found
Refreshing native plugins compatible for Editor in 0.72 ms, found 1 plugins.
Preloading 0 native plugins for Editor in 0.00 ms.
Invoked RoslynAnalysisRunner static constructor.
RoslynAnalysisRunner will not be running.
RoslynAnalysisRunner has terminated.
Mono: successfully reloaded assembly
- Completed reload, in  1.754 seconds
Platform modules already initialized, skipping
Refreshing native plugins compatible for Editor in 0.68 ms, found 1 plugins.
Preloading 0 native plugins for Editor in 0.00 ms.
Unloading 1794 Unused Serialized files (Serialized files now loaded: 0)
System memory in use before: 88.4 MB.
System memory in use after: 88.5 MB.

Unloading 7 unused Assets to reduce memory usage. Loaded Objects now: 2316.
Total: 166.765100 ms (FindLiveObjects: 0.309900 ms CreateObjectMapping: 0.146000 ms MarkObjects: 3.832300 ms  DeleteObjects: 162.473300 ms)

========================================================================
Received Prepare
Registering precompiled user dll's ...
Registered in 0.002318 seconds.
Begin MonoManager ReloadAssembly
Native extension for WindowsStandalone target not found
Native extension for WebGL target not found
Refreshing native plugins compatible for Editor in 0.38 ms, found 1 plugins.
Preloading 0 native plugins for Editor in 0.00 ms.
Invoked RoslynAnalysisRunner static constructor.
RoslynAnalysisRunner will not be running.
RoslynAnalysisRunner has terminated.
Mono: successfully reloaded assembly
- Completed reload, in  1.192 seconds
Platform modules already initialized, skipping
Refreshing native plugins compatible for Editor in 0.57 ms, found 1 plugins.
Preloading 0 native plugins for Editor in 0.00 ms.
Unloading 1794 Unused Serialized files (Serialized files now loaded: 0)
System memory in use before: 88.4 MB.
System memory in use after: 88.5 MB.

Unloading 7 unused Assets to reduce memory usage. Loaded Objects now: 2319.
Total: 3.511900 ms (FindLiveObjects: 0.404200 ms CreateObjectMapping: 0.132500 ms MarkObjects: 2.949400 ms  DeleteObjects: 0.023900 ms)

========================================================================
Received Prepare
Registering precompiled user dll's ...
Registered in 0.008496 seconds.
Begin MonoManager ReloadAssembly
Native extension for WindowsStandalone target not found
Native extension for WebGL target not found
Refreshing native plugins compatible for Editor in 1.44 ms, found 1 plugins.
Preloading 0 native plugins for Editor in 0.00 ms.
Invoked RoslynAnalysisRunner static constructor.
RoslynAnalysisRunner will not be running.
RoslynAnalysisRunner has terminated.
Mono: successfully reloaded assembly
- Completed reload, in  2.787 seconds
Platform modules already initialized, skipping
Refreshing native plugins compatible for Editor in 0.55 ms, found 1 plugins.
Preloading 0 native plugins for Editor in 0.00 ms.
Unloading 1794 Unused Serialized files (Serialized files now loaded: 0)
System memory in use before: 88.4 MB.
System memory in use after: 88.5 MB.

Unloading 7 unused Assets to reduce memory usage. Loaded Objects now: 2322.
Total: 7.551500 ms (FindLiveObjects: 0.317000 ms CreateObjectMapping: 0.093900 ms MarkObjects: 2.052000 ms  DeleteObjects: 5.086600 ms)

========================================================================
Received Prepare
Registering precompiled user dll's ...
Registered in 0.001188 seconds.
Begin MonoManager ReloadAssembly
Native extension for WindowsStandalone target not found
Native extension for WebGL target not found
Refreshing native plugins compatible for Editor in 0.70 ms, found 1 plugins.
Preloading 0 native plugins for Editor in 0.00 ms.
Invoked RoslynAnalysisRunner static constructor.
RoslynAnalysisRunner will not be running.
RoslynAnalysisRunner has terminated.
Mono: successfully reloaded assembly
- Completed reload, in  1.702 seconds
Platform modules already initialized, skipping
Refreshing native plugins compatible for Editor in 0.62 ms, found 1 plugins.
Preloading 0 native plugins for Editor in 0.00 ms.
Unloading 1794 Unused Serialized files (Serialized files now loaded: 0)
System memory in use before: 88.4 MB.
System memory in use after: 88.5 MB.

Unloading 7 unused Assets to reduce memory usage. Loaded Objects now: 2325.
Total: 103.526000 ms (FindLiveObjects: 0.695400 ms CreateObjectMapping: 0.742900 ms MarkObjects: 7.017600 ms  DeleteObjects: 95.065800 ms)

========================================================================
Received Prepare
Registering precompiled user dll's ...
Registered in 0.001184 seconds.
Begin MonoManager ReloadAssembly
Native extension for WindowsStandalone target not found
Native extension for WebGL target not found
Refreshing native plugins compatible for Editor in 0.42 ms, found 1 plugins.
Preloading 0 native plugins for Editor in 0.00 ms.
Invoked RoslynAnalysisRunner static constructor.
RoslynAnalysisRunner will not be running.
RoslynAnalysisRunner has terminated.
Mono: successfully reloaded assembly
- Completed reload, in  1.950 seconds
Platform modules already initialized, skipping
Refreshing native plugins compatible for Editor in 0.59 ms, found 1 plugins.
Preloading 0 native plugins for Editor in 0.00 ms.
Unloading 1794 Unused Serialized files (Serialized files now loaded: 0)
System memory in use before: 88.4 MB.
System memory in use after: 88.5 MB.

Unloading 7 unused Assets to reduce memory usage. Loaded Objects now: 2328.
Total: 165.034300 ms (FindLiveObjects: 0.266500 ms CreateObjectMapping: 0.086900 ms MarkObjects: 3.429300 ms  DeleteObjects: 161.249100 ms)

========================================================================
Received Prepare
Registering precompiled user dll's ...
Registered in 0.001381 seconds.
Begin MonoManager ReloadAssembly
Native extension for WindowsStandalone target not found
Native extension for WebGL target not found
Refreshing native plugins compatible for Editor in 0.54 ms, found 1 plugins.
Preloading 0 native plugins for Editor in 0.00 ms.
Invoked RoslynAnalysisRunner static constructor.
RoslynAnalysisRunner will not be running.
RoslynAnalysisRunner has terminated.
Mono: successfully reloaded assembly
- Completed reload, in  1.668 seconds
Platform modules already initialized, skipping
Refreshing native plugins compatible for Editor in 0.54 ms, found 1 plugins.
Preloading 0 native plugins for Editor in 0.00 ms.
Unloading 1794 Unused Serialized files (Serialized files now loaded: 0)
System memory in use before: 88.4 MB.
System memory in use after: 88.5 MB.

Unloading 7 unused Assets to reduce memory usage. Loaded Objects now: 2331.
Total: 3.500600 ms (FindLiveObjects: 0.618300 ms CreateObjectMapping: 0.435200 ms MarkObjects: 2.424800 ms  DeleteObjects: 0.020100 ms)

========================================================================
Received Import Request.
  Time since last request: 694.814043 seconds.
  path: Assets/Resources/firebullet.prefab
  artifactKey: Guid(01f1d749514f01a468718b834270a5b7) Importer(815301076,1909f56bfc062723c751e8b465ee728b)
Start importing Assets/Resources/firebullet.prefab using Guid(01f1d749514f01a468718b834270a5b7) Importer(815301076,1909f56bfc062723c751e8b465ee728b)  -> (artifact id: 'ad56e64f7b94aeefcf733cd6e168aadb') in 0.484015 seconds
  Import took 0.503675 seconds .

========================================================================
Received Prepare
Registering precompiled user dll's ...
Registered in 0.004074 seconds.
Begin MonoManager ReloadAssembly
Native extension for WindowsStandalone target not found
Native extension for WebGL target not found
Refreshing native plugins compatible for Editor in 0.83 ms, found 1 plugins.
Preloading 0 native plugins for Editor in 0.00 ms.
Invoked RoslynAnalysisRunner static constructor.
RoslynAnalysisRunner will not be running.
RoslynAnalysisRunner has terminated.
Mono: successfully reloaded assembly
- Completed reload, in  5.158 seconds
Platform modules already initialized, skipping
Refreshing native plugins compatible for Editor in 0.37 ms, found 1 plugins.
Preloading 0 native plugins for Editor in 0.00 ms.
Unloading 1794 Unused Serialized files (Serialized files now loaded: 0)
System memory in use before: 88.4 MB.
System memory in use after: 88.5 MB.

Unloading 7 unused Assets to reduce memory usage. Loaded Objects now: 2335.
Total: 229.315900 ms (FindLiveObjects: 1.289500 ms CreateObjectMapping: 0.221100 ms MarkObjects: 227.528400 ms  DeleteObjects: 0.274100 ms)

========================================================================
Received Prepare
Registering precompiled user dll's ...
Registered in 0.002615 seconds.
Begin MonoManager ReloadAssembly
Native extension for WindowsStandalone target not found
Native extension for WebGL target not found
Refreshing native plugins compatible for Editor in 0.56 ms, found 1 plugins.
Preloading 0 native plugins for Editor in 0.00 ms.
Invoked RoslynAnalysisRunner static constructor.
RoslynAnalysisRunner will not be running.
RoslynAnalysisRunner has terminated.
Mono: successfully reloaded assembly
- Completed reload, in  2.770 seconds
Platform modules already initialized, skipping
Refreshing native plugins compatible for Editor in 0.37 ms, found 1 plugins.
Preloading 0 native plugins for Editor in 0.00 ms.
Unloading 1794 Unused Serialized files (Serialized files now loaded: 0)
System memory in use before: 88.4 MB.
System memory in use after: 88.5 MB.

Unloading 7 unused Assets to reduce memory usage. Loaded Objects now: 2338.
Total: 83.990100 ms (FindLiveObjects: 0.320200 ms CreateObjectMapping: 0.136000 ms MarkObjects: 2.428600 ms  DeleteObjects: 81.103400 ms)

========================================================================
Received Prepare
Registering precompiled user dll's ...
Registered in 0.002957 seconds.
Begin MonoManager ReloadAssembly
Native extension for WindowsStandalone target not found
Native extension for WebGL target not found
Refreshing native plugins compatible for Editor in 0.53 ms, found 1 plugins.
Preloading 0 native plugins for Editor in 0.00 ms.
Invoked RoslynAnalysisRunner static constructor.
RoslynAnalysisRunner will not be running.
RoslynAnalysisRunner has terminated.
Mono: successfully reloaded assembly
- Completed reload, in  1.068 seconds
Platform modules already initialized, skipping
Refreshing native plugins compatible for Editor in 0.56 ms, found 1 plugins.
Preloading 0 native plugins for Editor in 0.00 ms.
Unloading 1794 Unused Serialized files (Serialized files now loaded: 0)
System memory in use before: 88.4 MB.
System memory in use after: 88.5 MB.

Unloading 7 unused Assets to reduce memory usage. Loaded Objects now: 2341.
Total: 4.552400 ms (FindLiveObjects: 0.520300 ms CreateObjectMapping: 0.175000 ms MarkObjects: 3.764100 ms  DeleteObjects: 0.090300 ms)

