Using pre-set license
Built from '2020.2/release' branch; Version is '2020.2.4f1 (becced5a802b) revision 12504301'; Using compiler version '192528614'; Build Type 'Release'
OS: 'Windows 10 Home; OS build 19042.867; Version 2009; 64bit' Language: 'en' Physical Memory: 16333 MB
BatchMode: 1, IsHumanControllingUs: 0, StartBugReporterOnCrash: 0, Is64bit: 1, IsPro: 0

 COMMAND LINE ARGUMENTS:
C:\Program Files\Unity\Hub\Editor\2020.2.4f1\Editor\Unity.exe
-adb2
-batchMode
-noUpm
-name
AssetImportWorker0
-projectPath
C:/Users/User/Assessment 4
-logFile
Logs/AssetImportWorker0.log
-srvPort
50316
Successfully changed project path to: C:/Users/User/Assessment 4
C:/Users/User/Assessment 4
Using Asset Import Pipeline V2.
Refreshing native plugins compatible for Editor in 32.14 ms, found 1 plugins.
Preloading 0 native plugins for Editor in 0.00 ms.
Initialize engine version: 2020.2.4f1 (becced5a802b)
[Subsystems] Discovering subsystems at path C:/Program Files/Unity/Hub/Editor/2020.2.4f1/Editor/Data/Resources/UnitySubsystems
[Subsystems] Discovering subsystems at path C:/Users/User/Assessment 4/Assets
GfxDevice: creating device client; threaded=0
Direct3D:
    Version:  Direct3D 11.0 [level 11.1]
    Renderer: NVIDIA GeForce RTX 2060 (ID=0x1e89)
    Vendor:   
    VRAM:     5967 MB
    Driver:   27.21.14.6079
Initialize mono
Mono path[0] = 'C:/Program Files/Unity/Hub/Editor/2020.2.4f1/Editor/Data/Managed'
Mono path[1] = 'C:/Program Files/Unity/Hub/Editor/2020.2.4f1/Editor/Data/MonoBleedingEdge/lib/mono/unityjit'
Mono config path = 'C:/Program Files/Unity/Hub/Editor/2020.2.4f1/Editor/Data/MonoBleedingEdge/etc'
Using monoOptions --debugger-agent=transport=dt_socket,embedding=1,server=y,suspend=n,address=127.0.0.1:56216
Begin MonoManager ReloadAssembly
Registering precompiled unity dll's ...
Register platform support module: C:/Program Files/Unity/Hub/Editor/2020.2.4f1/Editor/Data/PlaybackEngines/WindowsStandaloneSupport/UnityEditor.WindowsStandalone.Extensions.dll
Registered in 0.001806 seconds.
Native extension for WindowsStandalone target not found
Refreshing native plugins compatible for Editor in 31.50 ms, found 1 plugins.
Preloading 0 native plugins for Editor in 0.00 ms.
Invoked RoslynAnalysisRunner static constructor.
RoslynAnalysisRunner will not be running.
RoslynAnalysisRunner has terminated.
Mono: successfully reloaded assembly
- Completed reload, in  0.926 seconds
Platform modules already initialized, skipping
Registering precompiled user dll's ...
Registered in 0.001058 seconds.
Begin MonoManager ReloadAssembly
Native extension for WindowsStandalone target not found
Refreshing native plugins compatible for Editor in 35.83 ms, found 1 plugins.
Preloading 0 native plugins for Editor in 0.00 ms.
Invoked RoslynAnalysisRunner static constructor.
RoslynAnalysisRunner will not be running.
RoslynAnalysisRunner has terminated.
Mono: successfully reloaded assembly
- Completed reload, in  0.784 seconds
Platform modules already initialized, skipping
========================================================================
Worker process is ready to serve import requests
Launched and connected shader compiler UnityShaderCompiler.exe after 0.04 seconds
Refreshing native plugins compatible for Editor in 0.36 ms, found 1 plugins.
Preloading 0 native plugins for Editor in 0.00 ms.
Unloading 1799 Unused Serialized files (Serialized files now loaded: 0)
System memory in use before: 84.4 MB.
System memory in use after: 84.4 MB.

Unloading 24 unused Assets to reduce memory usage. Loaded Objects now: 2241.
Total: 2.069200 ms (FindLiveObjects: 0.196800 ms CreateObjectMapping: 0.161800 ms MarkObjects: 1.599000 ms  DeleteObjects: 0.110600 ms)

========================================================================
Received Import Request.
  path: Assets/Level Assets
  artifactKey: Guid(f48182cc56cb5ad45944c34181398c38) Importer(815301076,1909f56bfc062723c751e8b465ee728b)
Start importing Assets/Level Assets using Guid(f48182cc56cb5ad45944c34181398c38) Importer(815301076,1909f56bfc062723c751e8b465ee728b)  -> (artifact id: 'c4451822414c1157d9ca77c90889de3e') in 0.005061 seconds
  Import took 0.007765 seconds .

========================================================================
Received Prepare
Registering precompiled user dll's ...
Registered in 0.000905 seconds.
Begin MonoManager ReloadAssembly
Native extension for WindowsStandalone target not found
Refreshing native plugins compatible for Editor in 0.40 ms, found 1 plugins.
Preloading 0 native plugins for Editor in 0.00 ms.
Invoked RoslynAnalysisRunner static constructor.
RoslynAnalysisRunner will not be running.
RoslynAnalysisRunner has terminated.
Mono: successfully reloaded assembly
- Completed reload, in  0.720 seconds
Platform modules already initialized, skipping
Refreshing native plugins compatible for Editor in 0.39 ms, found 1 plugins.
Preloading 0 native plugins for Editor in 0.00 ms.
Unloading 1795 Unused Serialized files (Serialized files now loaded: 0)
System memory in use before: 84.4 MB.
System memory in use after: 84.4 MB.

Unloading 12 unused Assets to reduce memory usage. Loaded Objects now: 2245.
Total: 2.161600 ms (FindLiveObjects: 0.214700 ms CreateObjectMapping: 0.046800 ms MarkObjects: 1.792500 ms  DeleteObjects: 0.106400 ms)

========================================================================
Received Import Request.
  Time since last request: 127.141402 seconds.
  path: Assets/Scripts/UI.cs
  artifactKey: Guid(84a27b1bed22e73449a150e255af6685) Importer(815301076,1909f56bfc062723c751e8b465ee728b)
Start importing Assets/Scripts/UI.cs using Guid(84a27b1bed22e73449a150e255af6685) Importer(815301076,1909f56bfc062723c751e8b465ee728b)  -> (artifact id: '9c451c20079c86fa77e39261f00a6e82') in 0.056854 seconds
  Import took 0.059884 seconds .

========================================================================
Received Prepare
Registering precompiled user dll's ...
Registered in 0.000929 seconds.
Begin MonoManager ReloadAssembly
Native extension for WindowsStandalone target not found
Refreshing native plugins compatible for Editor in 0.40 ms, found 1 plugins.
Preloading 0 native plugins for Editor in 0.00 ms.
Invoked RoslynAnalysisRunner static constructor.
RoslynAnalysisRunner will not be running.
RoslynAnalysisRunner has terminated.
Mono: successfully reloaded assembly
- Completed reload, in  0.755 seconds
Platform modules already initialized, skipping
Refreshing native plugins compatible for Editor in 0.37 ms, found 1 plugins.
Preloading 0 native plugins for Editor in 0.00 ms.
Unloading 1795 Unused Serialized files (Serialized files now loaded: 0)
System memory in use before: 84.5 MB.
System memory in use after: 84.5 MB.

Unloading 12 unused Assets to reduce memory usage. Loaded Objects now: 2248.
Total: 2.025600 ms (FindLiveObjects: 0.211500 ms CreateObjectMapping: 0.042900 ms MarkObjects: 1.668500 ms  DeleteObjects: 0.101700 ms)

========================================================================
Received Import Request.
  Time since last request: 29.863559 seconds.
  path: Assets/Scripts/Menu.cs
  artifactKey: Guid(7dee14c4c5343834cb2e45cf76e7cba2) Importer(815301076,1909f56bfc062723c751e8b465ee728b)
Start importing Assets/Scripts/Menu.cs using Guid(7dee14c4c5343834cb2e45cf76e7cba2) Importer(815301076,1909f56bfc062723c751e8b465ee728b)  -> (artifact id: '374e0a5b5e2d1f6dfdc5c3e470c466e8') in 0.005105 seconds
  Import took 0.007968 seconds .

========================================================================
Received Import Request.
  Time since last request: 0.017420 seconds.
  path: Assets/Scripts/Menu.cs
  artifactKey: Guid(7dee14c4c5343834cb2e45cf76e7cba2) Importer(815301076,1909f56bfc062723c751e8b465ee728b)
Start importing Assets/Scripts/Menu.cs using Guid(7dee14c4c5343834cb2e45cf76e7cba2) Importer(815301076,1909f56bfc062723c751e8b465ee728b)  -> (artifact id: '374e0a5b5e2d1f6dfdc5c3e470c466e8') in 0.002107 seconds
  Import took 0.004607 seconds .

========================================================================
Received Import Request.
  Time since last request: 218.144945 seconds.
  path: Assets/Scenes/Level 1.unity
  artifactKey: Guid(2cda990e2423bbf4892e6590ba056729) Importer(815301076,1909f56bfc062723c751e8b465ee728b)
Start importing Assets/Scenes/Level 1.unity using Guid(2cda990e2423bbf4892e6590ba056729) Importer(815301076,1909f56bfc062723c751e8b465ee728b)  -> (artifact id: '61bafdb2d384a77b50b73686006ca3d8') in 0.009043 seconds
  Import took 0.011776 seconds .

========================================================================
Received Import Request.
  Time since last request: 1.670719 seconds.
  path: Assets/Scenes/Menu.unity
  artifactKey: Guid(718b9977a2f769f42be82a4e15caa2b5) Importer(815301076,1909f56bfc062723c751e8b465ee728b)
Start importing Assets/Scenes/Menu.unity using Guid(718b9977a2f769f42be82a4e15caa2b5) Importer(815301076,1909f56bfc062723c751e8b465ee728b)  -> (artifact id: '8bd74111735fc66d945891ba10068378') in 0.039556 seconds
  Import took 0.042395 seconds .

========================================================================
Received Prepare
Registering precompiled user dll's ...
Registered in 0.000851 seconds.
Begin MonoManager ReloadAssembly
Native extension for WindowsStandalone target not found
Refreshing native plugins compatible for Editor in 0.37 ms, found 1 plugins.
Preloading 0 native plugins for Editor in 0.00 ms.
Invoked RoslynAnalysisRunner static constructor.
RoslynAnalysisRunner will not be running.
RoslynAnalysisRunner has terminated.
Mono: successfully reloaded assembly
- Completed reload, in  0.696 seconds
Platform modules already initialized, skipping
Refreshing native plugins compatible for Editor in 0.32 ms, found 1 plugins.
Preloading 0 native plugins for Editor in 0.00 ms.
Unloading 1795 Unused Serialized files (Serialized files now loaded: 0)
System memory in use before: 84.5 MB.
System memory in use after: 84.5 MB.

Unloading 12 unused Assets to reduce memory usage. Loaded Objects now: 2251.
Total: 2.182600 ms (FindLiveObjects: 0.202400 ms CreateObjectMapping: 0.047100 ms MarkObjects: 1.823100 ms  DeleteObjects: 0.108900 ms)

========================================================================
Received Prepare
Registering precompiled user dll's ...
Registered in 0.001001 seconds.
Begin MonoManager ReloadAssembly
Native extension for WindowsStandalone target not found
Refreshing native plugins compatible for Editor in 0.37 ms, found 1 plugins.
Preloading 0 native plugins for Editor in 0.00 ms.
Invoked RoslynAnalysisRunner static constructor.
RoslynAnalysisRunner will not be running.
RoslynAnalysisRunner has terminated.
Mono: successfully reloaded assembly
- Completed reload, in  0.704 seconds
Platform modules already initialized, skipping
Refreshing native plugins compatible for Editor in 0.36 ms, found 1 plugins.
Preloading 0 native plugins for Editor in 0.00 ms.
Unloading 1795 Unused Serialized files (Serialized files now loaded: 0)
System memory in use before: 84.5 MB.
System memory in use after: 84.5 MB.

Unloading 12 unused Assets to reduce memory usage. Loaded Objects now: 2254.
Total: 1.821400 ms (FindLiveObjects: 0.198600 ms CreateObjectMapping: 0.048600 ms MarkObjects: 1.479300 ms  DeleteObjects: 0.094200 ms)

========================================================================
Received Import Request.
  Time since last request: 80.163731 seconds.
  path: Assets/Scenes/Level 2.unity
  artifactKey: Guid(5f089c18d1baddb43a487bad0392cdf8) Importer(815301076,1909f56bfc062723c751e8b465ee728b)
Start importing Assets/Scenes/Level 2.unity using Guid(5f089c18d1baddb43a487bad0392cdf8) Importer(815301076,1909f56bfc062723c751e8b465ee728b)  -> (artifact id: '4fe38f2320eab6f0b208cc402b72bef5') in 0.011492 seconds
  Import took 0.014346 seconds .

========================================================================
Received Import Request.
  Time since last request: 7.386246 seconds.
  path: Assets/Scenes/Level 1.unity
  artifactKey: Guid(2cda990e2423bbf4892e6590ba056729) Importer(815301076,1909f56bfc062723c751e8b465ee728b)
Start importing Assets/Scenes/Level 1.unity using Guid(2cda990e2423bbf4892e6590ba056729) Importer(815301076,1909f56bfc062723c751e8b465ee728b)  -> (artifact id: '3a6ba8c8ce8a66f22d9c8aaa754d9d3c') in 0.002526 seconds
  Import took 0.042127 seconds .

========================================================================
Received Import Request.
  Time since last request: 5.340755 seconds.
  path: Assets/Level Assets/UI.prefab
  artifactKey: Guid(1a67e5207c063c4489d18482fa46ecef) Importer(815301076,1909f56bfc062723c751e8b465ee728b)
Start importing Assets/Level Assets/UI.prefab using Guid(1a67e5207c063c4489d18482fa46ecef) Importer(815301076,1909f56bfc062723c751e8b465ee728b)  -> (artifact id: '496d20608955fcfb68126ca4272462a2') in 0.032516 seconds
  Import took 0.035679 seconds .

========================================================================
Received Import Request.
  Time since last request: 42.479739 seconds.
  path: Assets/Scenes/Level 3.unity
  artifactKey: Guid(80ae6b781127a9145902033598ce695c) Importer(815301076,1909f56bfc062723c751e8b465ee728b)
Start importing Assets/Scenes/Level 3.unity using Guid(80ae6b781127a9145902033598ce695c) Importer(815301076,1909f56bfc062723c751e8b465ee728b)  -> (artifact id: '80d40923a4c1fc7005d3a8c5aecf981c') in 0.039587 seconds
  Import took 0.042377 seconds .

========================================================================
Received Import Request.
  Time since last request: 1147.213673 seconds.
  path: Assets/Scenes/Level 4.unity
  artifactKey: Guid(228b9c1c70c2a5d4da74c3eabc1c3906) Importer(815301076,1909f56bfc062723c751e8b465ee728b)
Start importing Assets/Scenes/Level 4.unity using Guid(228b9c1c70c2a5d4da74c3eabc1c3906) Importer(815301076,1909f56bfc062723c751e8b465ee728b)  -> (artifact id: '53eac191cc798758aa988094cf2f6e5b') in 0.039819 seconds
  Import took 0.042958 seconds .

========================================================================
Received Import Request.
  Time since last request: 24.648770 seconds.
  path: Assets/Level Assets/UI.prefab
  artifactKey: Guid(1a67e5207c063c4489d18482fa46ecef) Importer(815301076,1909f56bfc062723c751e8b465ee728b)
Start importing Assets/Level Assets/UI.prefab using Guid(1a67e5207c063c4489d18482fa46ecef) Importer(815301076,1909f56bfc062723c751e8b465ee728b)  -> (artifact id: '8545eaa909791fdc69f67f8e8ef5edf7') in 0.004074 seconds
  Import took 0.006921 seconds .

========================================================================
Received Import Request.
  Time since last request: 0.004404 seconds.
  path: Assets/Level Assets/UI.prefab
  artifactKey: Guid(1a67e5207c063c4489d18482fa46ecef) Importer(815301076,1909f56bfc062723c751e8b465ee728b)
Start importing Assets/Level Assets/UI.prefab using Guid(1a67e5207c063c4489d18482fa46ecef) Importer(815301076,1909f56bfc062723c751e8b465ee728b)  -> (artifact id: '8545eaa909791fdc69f67f8e8ef5edf7') in 0.003554 seconds
  Import took 0.006280 seconds .

========================================================================
Received Import Request.
  Time since last request: 69.462804 seconds.
  path: Assets/Scenes/Level 5.unity
  artifactKey: Guid(babf839c8a5039a4a9ebadf6a3fabafc) Importer(815301076,1909f56bfc062723c751e8b465ee728b)
Start importing Assets/Scenes/Level 5.unity using Guid(babf839c8a5039a4a9ebadf6a3fabafc) Importer(815301076,1909f56bfc062723c751e8b465ee728b)  -> (artifact id: 'a0561d8d8d0212fd21fdb2e0c123d30b') in 0.002953 seconds
  Import took 0.006094 seconds .

========================================================================
Received Import Request.
  Time since last request: 0.000748 seconds.
  path: Assets/Scenes/Level 5.unity
  artifactKey: Guid(babf839c8a5039a4a9ebadf6a3fabafc) Importer(815301076,1909f56bfc062723c751e8b465ee728b)
Start importing Assets/Scenes/Level 5.unity using Guid(babf839c8a5039a4a9ebadf6a3fabafc) Importer(815301076,1909f56bfc062723c751e8b465ee728b)  -> (artifact id: 'a0561d8d8d0212fd21fdb2e0c123d30b') in 0.004921 seconds
  Import took 0.007776 seconds .

========================================================================
Received Prepare
Registering precompiled user dll's ...
Registered in 0.001551 seconds.
Begin MonoManager ReloadAssembly
Native extension for WindowsStandalone target not found
Refreshing native plugins compatible for Editor in 0.42 ms, found 1 plugins.
Preloading 0 native plugins for Editor in 0.00 ms.
Invoked RoslynAnalysisRunner static constructor.
RoslynAnalysisRunner will not be running.
RoslynAnalysisRunner has terminated.
Mono: successfully reloaded assembly
- Completed reload, in  0.893 seconds
Platform modules already initialized, skipping
Refreshing native plugins compatible for Editor in 0.45 ms, found 1 plugins.
Preloading 0 native plugins for Editor in 0.00 ms.
Unloading 1795 Unused Serialized files (Serialized files now loaded: 0)
System memory in use before: 84.6 MB.
System memory in use after: 84.6 MB.

Unloading 13 unused Assets to reduce memory usage. Loaded Objects now: 2259.
Total: 2.230500 ms (FindLiveObjects: 0.228000 ms CreateObjectMapping: 0.045800 ms MarkObjects: 1.819100 ms  DeleteObjects: 0.135800 ms)

========================================================================
Received Import Request.
  Time since last request: 50.789659 seconds.
  path: Assets/Scenes/Level 1.unity
  artifactKey: Guid(2cda990e2423bbf4892e6590ba056729) Importer(815301076,1909f56bfc062723c751e8b465ee728b)
Start importing Assets/Scenes/Level 1.unity using Guid(2cda990e2423bbf4892e6590ba056729) Importer(815301076,1909f56bfc062723c751e8b465ee728b)  -> (artifact id: 'a89b3f0a6278b8f42ec12059114fbc7a') in 0.013520 seconds
  Import took 0.016705 seconds .

========================================================================
Received Prepare
Registering precompiled user dll's ...
Registered in 0.001063 seconds.
Begin MonoManager ReloadAssembly
Native extension for WindowsStandalone target not found
Refreshing native plugins compatible for Editor in 0.37 ms, found 1 plugins.
Preloading 0 native plugins for Editor in 0.00 ms.
Invoked RoslynAnalysisRunner static constructor.
RoslynAnalysisRunner will not be running.
RoslynAnalysisRunner has terminated.
Mono: successfully reloaded assembly
- Completed reload, in  0.780 seconds
Platform modules already initialized, skipping
Refreshing native plugins compatible for Editor in 0.50 ms, found 1 plugins.
Preloading 0 native plugins for Editor in 0.00 ms.
Unloading 1795 Unused Serialized files (Serialized files now loaded: 0)
System memory in use before: 84.7 MB.
System memory in use after: 84.7 MB.

Unloading 12 unused Assets to reduce memory usage. Loaded Objects now: 2262.
Total: 2.598500 ms (FindLiveObjects: 0.230000 ms CreateObjectMapping: 0.042300 ms MarkObjects: 2.123700 ms  DeleteObjects: 0.200700 ms)

========================================================================
Received Prepare
Registering precompiled user dll's ...
Registered in 0.000981 seconds.
Begin MonoManager ReloadAssembly
Native extension for WindowsStandalone target not found
Refreshing native plugins compatible for Editor in 0.38 ms, found 1 plugins.
Preloading 0 native plugins for Editor in 0.00 ms.
Invoked RoslynAnalysisRunner static constructor.
RoslynAnalysisRunner will not be running.
RoslynAnalysisRunner has terminated.
Mono: successfully reloaded assembly
- Completed reload, in  0.756 seconds
Platform modules already initialized, skipping
Refreshing native plugins compatible for Editor in 0.38 ms, found 1 plugins.
Preloading 0 native plugins for Editor in 0.00 ms.
Unloading 1795 Unused Serialized files (Serialized files now loaded: 0)
System memory in use before: 84.7 MB.
System memory in use after: 84.7 MB.

Unloading 12 unused Assets to reduce memory usage. Loaded Objects now: 2265.
Total: 1.968500 ms (FindLiveObjects: 0.251300 ms CreateObjectMapping: 0.045700 ms MarkObjects: 1.541200 ms  DeleteObjects: 0.128700 ms)

========================================================================
Received Prepare
Registering precompiled user dll's ...
Registered in 0.001354 seconds.
Begin MonoManager ReloadAssembly
Native extension for WindowsStandalone target not found
Refreshing native plugins compatible for Editor in 0.38 ms, found 1 plugins.
Preloading 0 native plugins for Editor in 0.00 ms.
Invoked RoslynAnalysisRunner static constructor.
RoslynAnalysisRunner will not be running.
RoslynAnalysisRunner has terminated.
Mono: successfully reloaded assembly
- Completed reload, in  0.735 seconds
Platform modules already initialized, skipping
Refreshing native plugins compatible for Editor in 0.81 ms, found 1 plugins.
Preloading 0 native plugins for Editor in 0.00 ms.
Unloading 1795 Unused Serialized files (Serialized files now loaded: 0)
System memory in use before: 84.7 MB.
System memory in use after: 84.7 MB.

Unloading 12 unused Assets to reduce memory usage. Loaded Objects now: 2268.
Total: 2.047500 ms (FindLiveObjects: 0.222900 ms CreateObjectMapping: 0.043300 ms MarkObjects: 1.668800 ms  DeleteObjects: 0.111000 ms)

========================================================================
Received Prepare
Registering precompiled user dll's ...
Registered in 0.001010 seconds.
Begin MonoManager ReloadAssembly
Native extension for WindowsStandalone target not found
Refreshing native plugins compatible for Editor in 0.38 ms, found 1 plugins.
Preloading 0 native plugins for Editor in 0.00 ms.
Invoked RoslynAnalysisRunner static constructor.
RoslynAnalysisRunner will not be running.
RoslynAnalysisRunner has terminated.
Mono: successfully reloaded assembly
- Completed reload, in  0.753 seconds
Platform modules already initialized, skipping
Refreshing native plugins compatible for Editor in 0.39 ms, found 1 plugins.
Preloading 0 native plugins for Editor in 0.00 ms.
Unloading 1795 Unused Serialized files (Serialized files now loaded: 0)
System memory in use before: 84.7 MB.
System memory in use after: 84.7 MB.

Unloading 12 unused Assets to reduce memory usage. Loaded Objects now: 2271.
Total: 2.098000 ms (FindLiveObjects: 0.227000 ms CreateObjectMapping: 0.047600 ms MarkObjects: 1.716000 ms  DeleteObjects: 0.106300 ms)

========================================================================
Received Prepare
Registering precompiled user dll's ...
Registered in 0.000914 seconds.
Begin MonoManager ReloadAssembly
Native extension for WindowsStandalone target not found
Refreshing native plugins compatible for Editor in 0.37 ms, found 1 plugins.
Preloading 0 native plugins for Editor in 0.00 ms.
Invoked RoslynAnalysisRunner static constructor.
RoslynAnalysisRunner will not be running.
RoslynAnalysisRunner has terminated.
Mono: successfully reloaded assembly
- Completed reload, in  0.738 seconds
Platform modules already initialized, skipping
Refreshing native plugins compatible for Editor in 0.37 ms, found 1 plugins.
Preloading 0 native plugins for Editor in 0.00 ms.
Unloading 1795 Unused Serialized files (Serialized files now loaded: 0)
System memory in use before: 84.7 MB.
System memory in use after: 84.7 MB.

Unloading 12 unused Assets to reduce memory usage. Loaded Objects now: 2274.
Total: 2.491400 ms (FindLiveObjects: 0.193200 ms CreateObjectMapping: 0.045500 ms MarkObjects: 2.114300 ms  DeleteObjects: 0.137200 ms)

AssetImportWorkerClient::OnTransportError - code=2 error=End of file
