Using pre-set license
Built from '2020.2/release' branch; Version is '2020.2.4f1 (becced5a802b) revision 12504301'; Using compiler version '192528614'; Build Type 'Release'
OS: 'Windows 10 Home; OS build 19042.985; Version 2009; 64bit' Language: 'en' Physical Memory: 10190 MB
BatchMode: 1, IsHumanControllingUs: 0, StartBugReporterOnCrash: 0, Is64bit: 1, IsPro: 0

 COMMAND LINE ARGUMENTS:
C:\Program Files\Unity\Hub\Editor\2020.2.4f1\Editor\Unity.exe
-adb2
-batchMode
-noUpm
-name
AssetImportWorker52
-projectPath
C:/Users/nanit/OneDrive/Documents/GitHub/Assessment-4
-logFile
Logs/AssetImportWorker52.log
-srvPort
65037
Successfully changed project path to: C:/Users/nanit/OneDrive/Documents/GitHub/Assessment-4
C:/Users/nanit/OneDrive/Documents/GitHub/Assessment-4
Using Asset Import Pipeline V2.
Refreshing native plugins compatible for Editor in 105.43 ms, found 1 plugins.
Preloading 0 native plugins for Editor in 0.00 ms.
Initialize engine version: 2020.2.4f1 (becced5a802b)
[Subsystems] Discovering subsystems at path C:/Program Files/Unity/Hub/Editor/2020.2.4f1/Editor/Data/Resources/UnitySubsystems
[Subsystems] Discovering subsystems at path C:/Users/nanit/OneDrive/Documents/GitHub/Assessment-4/Assets
GfxDevice: creating device client; threaded=0
Direct3D:
    Version:  Direct3D 11.0 [level 11.1]
    Renderer: AMD Radeon(TM) Graphics (ID=0x15d8)
    Vendor:   
    VRAM:     5095 MB
    Driver:   27.20.11044.5003
Initialize mono
Mono path[0] = 'C:/Program Files/Unity/Hub/Editor/2020.2.4f1/Editor/Data/Managed'
Mono path[1] = 'C:/Program Files/Unity/Hub/Editor/2020.2.4f1/Editor/Data/MonoBleedingEdge/lib/mono/unityjit'
Mono config path = 'C:/Program Files/Unity/Hub/Editor/2020.2.4f1/Editor/Data/MonoBleedingEdge/etc'
Using monoOptions --debugger-agent=transport=dt_socket,embedding=1,server=y,suspend=n,address=127.0.0.1:56448
Begin MonoManager ReloadAssembly
Registering precompiled unity dll's ...
Register platform support module: C:/Program Files/Unity/Hub/Editor/2020.2.4f1/Editor/Data/PlaybackEngines/WindowsStandaloneSupport/UnityEditor.WindowsStandalone.Extensions.dll
Registered in 0.008326 seconds.
Native extension for WindowsStandalone target not found
Refreshing native plugins compatible for Editor in 69.66 ms, found 1 plugins.
Preloading 0 native plugins for Editor in 0.00 ms.
Invoked RoslynAnalysisRunner static constructor.
RoslynAnalysisRunner will not be running.
RoslynAnalysisRunner has terminated.
Mono: successfully reloaded assembly
- Completed reload, in  2.191 seconds
Platform modules already initialized, skipping
Registering precompiled user dll's ...
Registered in 0.002792 seconds.
Begin MonoManager ReloadAssembly
Native extension for WindowsStandalone target not found
Refreshing native plugins compatible for Editor in 70.72 ms, found 1 plugins.
Preloading 0 native plugins for Editor in 0.00 ms.
Invoked RoslynAnalysisRunner static constructor.
RoslynAnalysisRunner will not be running.
RoslynAnalysisRunner has terminated.
Mono: successfully reloaded assembly
- Completed reload, in  1.771 seconds
Platform modules already initialized, skipping
========================================================================
Worker process is ready to serve import requests
Launched and connected shader compiler UnityShaderCompiler.exe after 0.07 seconds
Refreshing native plugins compatible for Editor in 0.44 ms, found 1 plugins.
Preloading 0 native plugins for Editor in 0.00 ms.
Unloading 1818 Unused Serialized files (Serialized files now loaded: 0)
System memory in use before: 86.6 MB.
System memory in use after: 86.7 MB.

Unloading 19 unused Assets to reduce memory usage. Loaded Objects now: 2265.
Total: 2.794100 ms (FindLiveObjects: 0.381300 ms CreateObjectMapping: 0.072600 ms MarkObjects: 2.238700 ms  DeleteObjects: 0.099500 ms)

========================================================================
Received Import Request.
  path: Assets/Level Assets/rock.png
  artifactKey: Guid(94bf8aa3b4e791e4fa38bbe89a4cc9a0) Importer(815301076,1909f56bfc062723c751e8b465ee728b)
Start importing Assets/Level Assets/rock.png using Guid(94bf8aa3b4e791e4fa38bbe89a4cc9a0) Importer(815301076,1909f56bfc062723c751e8b465ee728b)  -> (artifact id: 'ae87913ed46a40ebb74381ea27c5982d') in 0.225864 seconds
  Import took 0.231305 seconds .

========================================================================
Received Import Request.
  Time since last request: 0.000602 seconds.
  path: Assets/Menu Assets/cave_bg.png
  artifactKey: Guid(ee6fe769fcb61ab40a8b9bf6be603d9f) Importer(815301076,1909f56bfc062723c751e8b465ee728b)
Start importing Assets/Menu Assets/cave_bg.png using Guid(ee6fe769fcb61ab40a8b9bf6be603d9f) Importer(815301076,1909f56bfc062723c751e8b465ee728b)  -> (artifact id: '22e8a7cdbf99ff932a7500bd3be90ae8') in 0.019663 seconds
  Import took 0.024774 seconds .

========================================================================
Received Import Request.
  Time since last request: 0.000050 seconds.
  path: Assets/Scripts/Enemy.cs
  artifactKey: Guid(c4e6e14c49e1ec34b99e9ae74725d193) Importer(815301076,1909f56bfc062723c751e8b465ee728b)
Start importing Assets/Scripts/Enemy.cs using Guid(c4e6e14c49e1ec34b99e9ae74725d193) Importer(815301076,1909f56bfc062723c751e8b465ee728b)  -> (artifact id: '961319e523ca2a65bf07a65475d3655a') in 0.016166 seconds
  Import took 0.020519 seconds .

========================================================================
Received Prepare
Registering precompiled user dll's ...
Registered in 0.002176 seconds.
Begin MonoManager ReloadAssembly
Native extension for WindowsStandalone target not found
Refreshing native plugins compatible for Editor in 0.46 ms, found 1 plugins.
Preloading 0 native plugins for Editor in 0.00 ms.
Invoked RoslynAnalysisRunner static constructor.
RoslynAnalysisRunner will not be running.
RoslynAnalysisRunner has terminated.
Mono: successfully reloaded assembly
- Completed reload, in 72.798 seconds
Platform modules already initialized, skipping
Refreshing native plugins compatible for Editor in 0.45 ms, found 1 plugins.
Preloading 0 native plugins for Editor in 0.00 ms.
Unloading 1795 Unused Serialized files (Serialized files now loaded: 0)
System memory in use before: 88.2 MB.
System memory in use after: 88.3 MB.

Unloading 7 unused Assets to reduce memory usage. Loaded Objects now: 2276.
Total: 2.830100 ms (FindLiveObjects: 0.247400 ms CreateObjectMapping: 0.053200 ms MarkObjects: 2.435800 ms  DeleteObjects: 0.091400 ms)

========================================================================
Received Import Request.
  Time since last request: 482.161276 seconds.
  path: Packages/com.unity.2d.sprite/Editor/ObjectMenuCreation/DefaultAssets/Textures/Capsule.png
  artifactKey: Guid(34587324d412940a79d530020c957dc0) Importer(815301076,1909f56bfc062723c751e8b465ee728b)
Start importing Packages/com.unity.2d.sprite/Editor/ObjectMenuCreation/DefaultAssets/Textures/Capsule.png using Guid(34587324d412940a79d530020c957dc0) Importer(815301076,1909f56bfc062723c751e8b465ee728b)  -> (artifact id: '814b550d0cdb750710835ec6cf9af679') in 12.716195 seconds
  Import took 12.732838 seconds .

========================================================================
Received Import Request.
  Time since last request: 0.000292 seconds.
  path: Packages/com.unity.2d.sprite/Editor/ObjectMenuCreation/DefaultAssets/Textures/HexagonPointed-Top.png
  artifactKey: Guid(4b2a04fdbe0ef4d8da8f90eaca817cd1) Importer(815301076,1909f56bfc062723c751e8b465ee728b)
Start importing Packages/com.unity.2d.sprite/Editor/ObjectMenuCreation/DefaultAssets/Textures/HexagonPointed-Top.png using Guid(4b2a04fdbe0ef4d8da8f90eaca817cd1) Importer(815301076,1909f56bfc062723c751e8b465ee728b)  -> (artifact id: 'bc2d5172e831c96b2ef2623601432465') in 26.973014 seconds
  Import took 28.010624 seconds .

========================================================================
Received Import Request.
  Time since last request: 1.770735 seconds.
  path: Packages/com.unity.2d.sprite/Editor/ObjectMenuCreation/DefaultAssets/Textures/HexagonFlat-Top.png
  artifactKey: Guid(a9716c16a44a94eed9b5c90fbf4d9bdd) Importer(815301076,1909f56bfc062723c751e8b465ee728b)
Start importing Packages/com.unity.2d.sprite/Editor/ObjectMenuCreation/DefaultAssets/Textures/HexagonFlat-Top.png using Guid(a9716c16a44a94eed9b5c90fbf4d9bdd) Importer(815301076,1909f56bfc062723c751e8b465ee728b)  -> (artifact id: 'd5321fbe07ebf73ea363a5fc83e0cc97') in 7.714241 seconds
  Import took 7.719228 seconds .

========================================================================
Received Import Request.
  Time since last request: 4.744318 seconds.
  path: Packages/com.unity.2d.sprite/Editor/ObjectMenuCreation/DefaultAssets/Textures/CircleMask.png
  artifactKey: Guid(87aaca0a643d54397ba969dab4fc8875) Importer(815301076,1909f56bfc062723c751e8b465ee728b)
Start importing Packages/com.unity.2d.sprite/Editor/ObjectMenuCreation/DefaultAssets/Textures/CircleMask.png using Guid(87aaca0a643d54397ba969dab4fc8875) Importer(815301076,1909f56bfc062723c751e8b465ee728b)  -> (artifact id: '19b7ad307342bbbb9c0f4c74acff8c26') in 4.688794 seconds
  Import took 4.693227 seconds .

========================================================================
Received Import Request.
  Time since last request: 0.000221 seconds.
  path: Packages/com.unity.2d.sprite/Editor/ObjectMenuCreation/DefaultAssets/Textures/Circle.png
  artifactKey: Guid(4adeaf2d2b1c7417e89f026626d8264f) Importer(815301076,1909f56bfc062723c751e8b465ee728b)
Start importing Packages/com.unity.2d.sprite/Editor/ObjectMenuCreation/DefaultAssets/Textures/Circle.png using Guid(4adeaf2d2b1c7417e89f026626d8264f) Importer(815301076,1909f56bfc062723c751e8b465ee728b)  -> (artifact id: '41391c2963e2d8df3fb04d72bfdd21fa') in 7.182766 seconds
  Import took 7.187461 seconds .

========================================================================
Received Import Request.
  Time since last request: 0.000234 seconds.
  path: Packages/com.unity.2d.sprite/Editor/ObjectMenuCreation/DefaultAssets/Textures/Square.png
  artifactKey: Guid(db750325989564987a34393247d883b4) Importer(815301076,1909f56bfc062723c751e8b465ee728b)
Start importing Packages/com.unity.2d.sprite/Editor/ObjectMenuCreation/DefaultAssets/Textures/Square.png using Guid(db750325989564987a34393247d883b4) Importer(815301076,1909f56bfc062723c751e8b465ee728b)  -> (artifact id: '7b143ae42062842c87caff009e7b2645') in 4.753991 seconds
  Import took 4.758788 seconds .

========================================================================
Received Import Request.
  Time since last request: 0.000246 seconds.
  path: Packages/com.unity.2d.sprite/Editor/ObjectMenuCreation/DefaultAssets/Textures/IsometricDiamond.png
  artifactKey: Guid(0d267bc78a0864eb48358689b29ed20a) Importer(815301076,1909f56bfc062723c751e8b465ee728b)
Start importing Packages/com.unity.2d.sprite/Editor/ObjectMenuCreation/DefaultAssets/Textures/IsometricDiamond.png using Guid(0d267bc78a0864eb48358689b29ed20a) Importer(815301076,1909f56bfc062723c751e8b465ee728b)  -> (artifact id: 'ebe6d82515feb766fb0ea91b67463af5') in 4.743823 seconds
  Import took 4.758732 seconds .

========================================================================
Received Prepare
Registering precompiled user dll's ...
Registered in 0.002009 seconds.
Begin MonoManager ReloadAssembly
Native extension for WindowsStandalone target not found
Refreshing native plugins compatible for Editor in 0.46 ms, found 1 plugins.
Preloading 0 native plugins for Editor in 0.00 ms.
Invoked RoslynAnalysisRunner static constructor.
RoslynAnalysisRunner will not be running.
RoslynAnalysisRunner has terminated.
Mono: successfully reloaded assembly
- Completed reload, in 70.604 seconds
Platform modules already initialized, skipping
Refreshing native plugins compatible for Editor in 0.46 ms, found 1 plugins.
Preloading 0 native plugins for Editor in 0.00 ms.
Unloading 1795 Unused Serialized files (Serialized files now loaded: 0)
System memory in use before: 88.3 MB.
System memory in use after: 88.4 MB.

Unloading 7 unused Assets to reduce memory usage. Loaded Objects now: 2290.
Total: 3.978000 ms (FindLiveObjects: 0.266800 ms CreateObjectMapping: 0.055400 ms MarkObjects: 3.551200 ms  DeleteObjects: 0.102800 ms)

========================================================================
Received Prepare
Registering precompiled user dll's ...
Registered in 0.001572 seconds.
Begin MonoManager ReloadAssembly
Native extension for WindowsStandalone target not found
Refreshing native plugins compatible for Editor in 0.47 ms, found 1 plugins.
Preloading 0 native plugins for Editor in 0.00 ms.
Invoked RoslynAnalysisRunner static constructor.
RoslynAnalysisRunner will not be running.
RoslynAnalysisRunner has terminated.
Mono: successfully reloaded assembly
- Completed reload, in 185.592 seconds
Platform modules already initialized, skipping
Refreshing native plugins compatible for Editor in 0.45 ms, found 1 plugins.
Preloading 0 native plugins for Editor in 0.00 ms.
Unloading 1795 Unused Serialized files (Serialized files now loaded: 0)
System memory in use before: 88.3 MB.
System memory in use after: 88.4 MB.

Unloading 7 unused Assets to reduce memory usage. Loaded Objects now: 2293.
Total: 2.856500 ms (FindLiveObjects: 0.340700 ms CreateObjectMapping: 0.056400 ms MarkObjects: 2.349700 ms  DeleteObjects: 0.108100 ms)

========================================================================
Received Prepare
Registering precompiled user dll's ...
Registered in 0.002039 seconds.
Begin MonoManager ReloadAssembly
Native extension for WindowsStandalone target not found
Refreshing native plugins compatible for Editor in 0.48 ms, found 1 plugins.
Preloading 0 native plugins for Editor in 0.00 ms.
Invoked RoslynAnalysisRunner static constructor.
RoslynAnalysisRunner will not be running.
RoslynAnalysisRunner has terminated.
Mono: successfully reloaded assembly
- Completed reload, in 24.311 seconds
Platform modules already initialized, skipping
Refreshing native plugins compatible for Editor in 0.46 ms, found 1 plugins.
Preloading 0 native plugins for Editor in 0.00 ms.
Unloading 1795 Unused Serialized files (Serialized files now loaded: 0)
System memory in use before: 88.3 MB.
System memory in use after: 88.4 MB.

Unloading 7 unused Assets to reduce memory usage. Loaded Objects now: 2296.
Total: 3.698900 ms (FindLiveObjects: 0.255200 ms CreateObjectMapping: 0.181800 ms MarkObjects: 3.157000 ms  DeleteObjects: 0.102800 ms)

========================================================================
Received Prepare
Registering precompiled user dll's ...
Registered in 0.001605 seconds.
Begin MonoManager ReloadAssembly
Native extension for WindowsStandalone target not found
Refreshing native plugins compatible for Editor in 0.82 ms, found 1 plugins.
Preloading 0 native plugins for Editor in 0.00 ms.
Invoked RoslynAnalysisRunner static constructor.
RoslynAnalysisRunner will not be running.
RoslynAnalysisRunner has terminated.
Mono: successfully reloaded assembly
- Completed reload, in  2.506 seconds
Platform modules already initialized, skipping
Refreshing native plugins compatible for Editor in 0.46 ms, found 1 plugins.
Preloading 0 native plugins for Editor in 0.00 ms.
Unloading 1795 Unused Serialized files (Serialized files now loaded: 0)
System memory in use before: 88.3 MB.
System memory in use after: 88.4 MB.

Unloading 7 unused Assets to reduce memory usage. Loaded Objects now: 2299.
Total: 3.110500 ms (FindLiveObjects: 0.240400 ms CreateObjectMapping: 0.050800 ms MarkObjects: 2.711700 ms  DeleteObjects: 0.105200 ms)

========================================================================
Received Prepare
Registering precompiled user dll's ...
Registered in 0.001918 seconds.
Begin MonoManager ReloadAssembly
Native extension for WindowsStandalone target not found
Refreshing native plugins compatible for Editor in 0.46 ms, found 1 plugins.
Preloading 0 native plugins for Editor in 0.00 ms.
Invoked RoslynAnalysisRunner static constructor.
RoslynAnalysisRunner will not be running.
RoslynAnalysisRunner has terminated.
Mono: successfully reloaded assembly
- Completed reload, in  1.665 seconds
Platform modules already initialized, skipping
Refreshing native plugins compatible for Editor in 0.69 ms, found 1 plugins.
Preloading 0 native plugins for Editor in 0.00 ms.
Unloading 1795 Unused Serialized files (Serialized files now loaded: 0)
System memory in use before: 88.3 MB.
System memory in use after: 88.4 MB.

Unloading 7 unused Assets to reduce memory usage. Loaded Objects now: 2302.
Total: 2.799200 ms (FindLiveObjects: 0.252400 ms CreateObjectMapping: 0.053100 ms MarkObjects: 2.123800 ms  DeleteObjects: 0.368100 ms)

========================================================================
Received Import Request.
  Time since last request: 6109.515690 seconds.
  path: Assets/Scenes/Level 4.unity
  artifactKey: Guid(228b9c1c70c2a5d4da74c3eabc1c3906) Importer(815301076,1909f56bfc062723c751e8b465ee728b)
Start importing Assets/Scenes/Level 4.unity using Guid(228b9c1c70c2a5d4da74c3eabc1c3906) Importer(815301076,1909f56bfc062723c751e8b465ee728b)  -> (artifact id: '53fcf5dbce543685cb469653d3ed84c7') in 0.062768 seconds
  Import took 0.073578 seconds .

========================================================================
Received Prepare
Registering precompiled user dll's ...
Registered in 0.001556 seconds.
Begin MonoManager ReloadAssembly
Native extension for WindowsStandalone target not found
Refreshing native plugins compatible for Editor in 0.50 ms, found 1 plugins.
Preloading 0 native plugins for Editor in 0.00 ms.
Invoked RoslynAnalysisRunner static constructor.
RoslynAnalysisRunner will not be running.
RoslynAnalysisRunner has terminated.
Mono: successfully reloaded assembly
- Completed reload, in 72.469 seconds
Platform modules already initialized, skipping
Refreshing native plugins compatible for Editor in 0.44 ms, found 1 plugins.
Preloading 0 native plugins for Editor in 0.00 ms.
Unloading 1795 Unused Serialized files (Serialized files now loaded: 0)
System memory in use before: 88.3 MB.
System memory in use after: 88.4 MB.

Unloading 7 unused Assets to reduce memory usage. Loaded Objects now: 2305.
Total: 2.516100 ms (FindLiveObjects: 0.243400 ms CreateObjectMapping: 0.052700 ms MarkObjects: 2.122000 ms  DeleteObjects: 0.096900 ms)

========================================================================
Received Prepare
Registering precompiled user dll's ...
Registered in 0.001763 seconds.
Begin MonoManager ReloadAssembly
Native extension for WindowsStandalone target not found
Refreshing native plugins compatible for Editor in 121.00 ms, found 1 plugins.
Preloading 0 native plugins for Editor in 0.00 ms.
Invoked RoslynAnalysisRunner static constructor.
RoslynAnalysisRunner will not be running.
RoslynAnalysisRunner has terminated.
Mono: successfully reloaded assembly
- Completed reload, in 70.537 seconds
Platform modules already initialized, skipping
Refreshing native plugins compatible for Editor in 0.45 ms, found 1 plugins.
Preloading 0 native plugins for Editor in 0.00 ms.
Unloading 1795 Unused Serialized files (Serialized files now loaded: 0)
System memory in use before: 88.3 MB.
System memory in use after: 88.4 MB.

Unloading 7 unused Assets to reduce memory usage. Loaded Objects now: 2308.
Total: 4.574800 ms (FindLiveObjects: 0.366300 ms CreateObjectMapping: 0.280800 ms MarkObjects: 3.810200 ms  DeleteObjects: 0.114900 ms)

========================================================================
Received Prepare
Registering precompiled user dll's ...
Registered in 0.001577 seconds.
Begin MonoManager ReloadAssembly
Native extension for WindowsStandalone target not found
Refreshing native plugins compatible for Editor in 0.49 ms, found 1 plugins.
Preloading 0 native plugins for Editor in 0.00 ms.
Invoked RoslynAnalysisRunner static constructor.
RoslynAnalysisRunner will not be running.
RoslynAnalysisRunner has terminated.
Mono: successfully reloaded assembly
- Completed reload, in 27.686 seconds
Platform modules already initialized, skipping
Refreshing native plugins compatible for Editor in 0.63 ms, found 1 plugins.
Preloading 0 native plugins for Editor in 0.00 ms.
Unloading 1795 Unused Serialized files (Serialized files now loaded: 0)
System memory in use before: 88.3 MB.
System memory in use after: 88.4 MB.

Unloading 7 unused Assets to reduce memory usage. Loaded Objects now: 2311.
Total: 427.376500 ms (FindLiveObjects: 23.653000 ms CreateObjectMapping: 4.121400 ms MarkObjects: 328.985700 ms  DeleteObjects: 70.612100 ms)

========================================================================
Received Prepare
Registering precompiled user dll's ...
Registered in 0.154164 seconds.
Begin MonoManager ReloadAssembly
Native extension for WindowsStandalone target not found
Refreshing native plugins compatible for Editor in 0.64 ms, found 1 plugins.
Preloading 0 native plugins for Editor in 0.00 ms.
Invoked RoslynAnalysisRunner static constructor.
RoslynAnalysisRunner will not be running.
RoslynAnalysisRunner has terminated.
Mono: successfully reloaded assembly
- Completed reload, in 24.092 seconds
Platform modules already initialized, skipping
Refreshing native plugins compatible for Editor in 0.45 ms, found 1 plugins.
Preloading 0 native plugins for Editor in 0.00 ms.
Unloading 1795 Unused Serialized files (Serialized files now loaded: 0)
System memory in use before: 88.4 MB.
System memory in use after: 88.5 MB.

Unloading 7 unused Assets to reduce memory usage. Loaded Objects now: 2314.
Total: 2.559000 ms (FindLiveObjects: 0.244200 ms CreateObjectMapping: 0.052000 ms MarkObjects: 2.159000 ms  DeleteObjects: 0.101800 ms)

========================================================================
Received Prepare
Registering precompiled user dll's ...
Registered in 0.001628 seconds.
Begin MonoManager ReloadAssembly
Native extension for WindowsStandalone target not found
Refreshing native plugins compatible for Editor in 0.46 ms, found 1 plugins.
Preloading 0 native plugins for Editor in 0.00 ms.
Invoked RoslynAnalysisRunner static constructor.
RoslynAnalysisRunner will not be running.
RoslynAnalysisRunner has terminated.
Mono: successfully reloaded assembly
- Completed reload, in 25.065 seconds
Platform modules already initialized, skipping
Refreshing native plugins compatible for Editor in 0.96 ms, found 1 plugins.
Preloading 0 native plugins for Editor in 0.00 ms.
Unloading 1795 Unused Serialized files (Serialized files now loaded: 0)
System memory in use before: 88.4 MB.
System memory in use after: 88.5 MB.

Unloading 7 unused Assets to reduce memory usage. Loaded Objects now: 2317.
Total: 2.850100 ms (FindLiveObjects: 0.460200 ms CreateObjectMapping: 0.095000 ms MarkObjects: 2.191400 ms  DeleteObjects: 0.101500 ms)

========================================================================
Received Prepare
Registering precompiled user dll's ...
Registered in 0.001562 seconds.
Begin MonoManager ReloadAssembly
Native extension for WindowsStandalone target not found
Refreshing native plugins compatible for Editor in 0.49 ms, found 1 plugins.
Preloading 0 native plugins for Editor in 0.00 ms.
Invoked RoslynAnalysisRunner static constructor.
RoslynAnalysisRunner will not be running.
RoslynAnalysisRunner has terminated.
Mono: successfully reloaded assembly
- Completed reload, in 77.745 seconds
Platform modules already initialized, skipping
Refreshing native plugins compatible for Editor in 0.63 ms, found 1 plugins.
Preloading 0 native plugins for Editor in 0.00 ms.
Unloading 1795 Unused Serialized files (Serialized files now loaded: 0)
System memory in use before: 88.4 MB.
System memory in use after: 88.5 MB.

Unloading 7 unused Assets to reduce memory usage. Loaded Objects now: 2320.
Total: 2.714900 ms (FindLiveObjects: 0.341300 ms CreateObjectMapping: 0.061600 ms MarkObjects: 2.206900 ms  DeleteObjects: 0.103500 ms)

========================================================================
Received Prepare
Registering precompiled user dll's ...
Registered in 0.016154 seconds.
Begin MonoManager ReloadAssembly
Native extension for WindowsStandalone target not found
Refreshing native plugins compatible for Editor in 0.49 ms, found 1 plugins.
Preloading 0 native plugins for Editor in 0.00 ms.
Invoked RoslynAnalysisRunner static constructor.
RoslynAnalysisRunner will not be running.
RoslynAnalysisRunner has terminated.
Mono: successfully reloaded assembly
- Completed reload, in 45.015 seconds
Platform modules already initialized, skipping
Refreshing native plugins compatible for Editor in 0.51 ms, found 1 plugins.
Preloading 0 native plugins for Editor in 0.00 ms.
Unloading 1795 Unused Serialized files (Serialized files now loaded: 0)
System memory in use before: 88.4 MB.
System memory in use after: 88.5 MB.

Unloading 7 unused Assets to reduce memory usage. Loaded Objects now: 2323.
Total: 2.681200 ms (FindLiveObjects: 0.260300 ms CreateObjectMapping: 0.055100 ms MarkObjects: 2.335100 ms  DeleteObjects: 0.027800 ms)

========================================================================
Received Prepare
Registering precompiled user dll's ...
Registered in 0.003618 seconds.
Begin MonoManager ReloadAssembly
Native extension for WindowsStandalone target not found
Refreshing native plugins compatible for Editor in 0.47 ms, found 1 plugins.
Preloading 0 native plugins for Editor in 0.00 ms.
Invoked RoslynAnalysisRunner static constructor.
RoslynAnalysisRunner will not be running.
RoslynAnalysisRunner has terminated.
Mono: successfully reloaded assembly
- Completed reload, in 92.536 seconds
Platform modules already initialized, skipping
Refreshing native plugins compatible for Editor in 0.45 ms, found 1 plugins.
Preloading 0 native plugins for Editor in 0.00 ms.
Unloading 1795 Unused Serialized files (Serialized files now loaded: 0)
System memory in use before: 88.4 MB.
System memory in use after: 88.5 MB.

Unloading 7 unused Assets to reduce memory usage. Loaded Objects now: 2326.
Total: 2.661300 ms (FindLiveObjects: 0.371500 ms CreateObjectMapping: 0.057500 ms MarkObjects: 2.128400 ms  DeleteObjects: 0.101800 ms)

========================================================================
Received Prepare
Registering precompiled user dll's ...
Registered in 0.002105 seconds.
Begin MonoManager ReloadAssembly
Native extension for WindowsStandalone target not found
Refreshing native plugins compatible for Editor in 0.49 ms, found 1 plugins.
Preloading 0 native plugins for Editor in 0.00 ms.
Invoked RoslynAnalysisRunner static constructor.
RoslynAnalysisRunner will not be running.
RoslynAnalysisRunner has terminated.
Mono: successfully reloaded assembly
- Completed reload, in 108.922 seconds
Platform modules already initialized, skipping
Refreshing native plugins compatible for Editor in 0.45 ms, found 1 plugins.
Preloading 0 native plugins for Editor in 0.00 ms.
Unloading 1795 Unused Serialized files (Serialized files now loaded: 0)
System memory in use before: 88.4 MB.
System memory in use after: 88.5 MB.

Unloading 7 unused Assets to reduce memory usage. Loaded Objects now: 2329.
Total: 8822.643500 ms (FindLiveObjects: 0.256000 ms CreateObjectMapping: 0.052800 ms MarkObjects: 4218.634600 ms  DeleteObjects: 4603.697500 ms)

========================================================================
Received Prepare
Registering precompiled user dll's ...
Registered in 0.001568 seconds.
Begin MonoManager ReloadAssembly
Native extension for WindowsStandalone target not found
Refreshing native plugins compatible for Editor in 0.67 ms, found 1 plugins.
Preloading 0 native plugins for Editor in 0.00 ms.
Invoked RoslynAnalysisRunner static constructor.
RoslynAnalysisRunner will not be running.
RoslynAnalysisRunner has terminated.
Mono: successfully reloaded assembly
- Completed reload, in 26.779 seconds
Platform modules already initialized, skipping
Refreshing native plugins compatible for Editor in 0.45 ms, found 1 plugins.
Preloading 0 native plugins for Editor in 0.00 ms.
Unloading 1795 Unused Serialized files (Serialized files now loaded: 0)
System memory in use before: 88.4 MB.
System memory in use after: 88.5 MB.

Unloading 7 unused Assets to reduce memory usage. Loaded Objects now: 2332.
Total: 2.941300 ms (FindLiveObjects: 0.344300 ms CreateObjectMapping: 0.051800 ms MarkObjects: 2.436200 ms  DeleteObjects: 0.106800 ms)

========================================================================
Received Prepare
Registering precompiled user dll's ...
Registered in 0.001909 seconds.
Begin MonoManager ReloadAssembly
Native extension for WindowsStandalone target not found
Refreshing native plugins compatible for Editor in 0.55 ms, found 1 plugins.
Preloading 0 native plugins for Editor in 0.00 ms.
Invoked RoslynAnalysisRunner static constructor.
RoslynAnalysisRunner will not be running.
RoslynAnalysisRunner has terminated.
Mono: successfully reloaded assembly
- Completed reload, in 91.193 seconds
Platform modules already initialized, skipping
Refreshing native plugins compatible for Editor in 0.45 ms, found 1 plugins.
Preloading 0 native plugins for Editor in 0.00 ms.
Unloading 1795 Unused Serialized files (Serialized files now loaded: 0)
System memory in use before: 88.4 MB.
System memory in use after: 88.5 MB.

Unloading 7 unused Assets to reduce memory usage. Loaded Objects now: 2335.
Total: 2.556700 ms (FindLiveObjects: 0.264800 ms CreateObjectMapping: 0.051200 ms MarkObjects: 2.135600 ms  DeleteObjects: 0.102400 ms)

========================================================================
Received Import Request.
  Time since last request: 5205.316471 seconds.
  path: Assets/Scripts/Player.cs
  artifactKey: Guid(09f9030fec901664ca3d66257f603fb1) Importer(815301076,1909f56bfc062723c751e8b465ee728b)
Start importing Assets/Scripts/Player.cs using Guid(09f9030fec901664ca3d66257f603fb1) Importer(815301076,1909f56bfc062723c751e8b465ee728b)  -> (artifact id: '5b317073d5f74baa79a0fb9ebbed5d06') in 0.366536 seconds
  Import took 0.401646 seconds .

========================================================================
Received Prepare
Registering precompiled user dll's ...
Registered in 0.001564 seconds.
Begin MonoManager ReloadAssembly
Native extension for WindowsStandalone target not found
Refreshing native plugins compatible for Editor in 1515.03 ms, found 1 plugins.
Preloading 0 native plugins for Editor in 0.00 ms.
Invoked RoslynAnalysisRunner static constructor.
RoslynAnalysisRunner will not be running.
RoslynAnalysisRunner has terminated.
Mono: successfully reloaded assembly
- Completed reload, in 99.345 seconds
Platform modules already initialized, skipping
Refreshing native plugins compatible for Editor in 0.47 ms, found 1 plugins.
Preloading 0 native plugins for Editor in 0.00 ms.
Unloading 1795 Unused Serialized files (Serialized files now loaded: 0)
System memory in use before: 88.4 MB.
System memory in use after: 88.5 MB.

Unloading 7 unused Assets to reduce memory usage. Loaded Objects now: 2338.
Total: 4.192700 ms (FindLiveObjects: 0.327200 ms CreateObjectMapping: 1.561200 ms MarkObjects: 2.201900 ms  DeleteObjects: 0.100100 ms)

========================================================================
Received Import Request.
  Time since last request: 254.199839 seconds.
  path: Assets/Sprites/mist1 1.png
  artifactKey: Guid(a016745e1f437924ba379a36d7a7e5cf) Importer(815301076,1909f56bfc062723c751e8b465ee728b)
Start importing Assets/Sprites/mist1 1.png using Guid(a016745e1f437924ba379a36d7a7e5cf) Importer(815301076,1909f56bfc062723c751e8b465ee728b)  -> (artifact id: '2e631e91f93b28e32b661325cf8d45d1') in 7.999419 seconds
  Import took 8.395193 seconds .

========================================================================
Received Import Request.
  Time since last request: 0.000081 seconds.
  path: Assets/Sprites/mist1 2.png
  artifactKey: Guid(3477eeef669f408478bef50201e056c7) Importer(815301076,1909f56bfc062723c751e8b465ee728b)
Start importing Assets/Sprites/mist1 2.png using Guid(3477eeef669f408478bef50201e056c7) Importer(815301076,1909f56bfc062723c751e8b465ee728b)  -> (artifact id: '7fea624d8f3f3f4b2cbd5a730b5ee397') in 1.593997 seconds
  Import took 1.598654 seconds .

========================================================================
Received Import Request.
  Time since last request: 0.000055 seconds.
  path: Assets/Sprites/mist1.png
  artifactKey: Guid(66ce2705dea96a24ea70785d9c884c53) Importer(815301076,1909f56bfc062723c751e8b465ee728b)
Start importing Assets/Sprites/mist1.png using Guid(66ce2705dea96a24ea70785d9c884c53) Importer(815301076,1909f56bfc062723c751e8b465ee728b)  -> (artifact id: 'b57e361f96410572548bea57e6f12c3e') in 1.784783 seconds
  Import took 2.107778 seconds .

========================================================================
Received Import Request.
  Time since last request: 682.152840 seconds.
  path: Packages/com.unity.2d.animation/package.json
  artifactKey: Guid(9e83c20a8293f44ec8a375d3805f477d) Importer(815301076,1909f56bfc062723c751e8b465ee728b)
Start importing Packages/com.unity.2d.animation/package.json using Guid(9e83c20a8293f44ec8a375d3805f477d) Importer(815301076,1909f56bfc062723c751e8b465ee728b)  -> (artifact id: '89d77eeef6a0fe24477edff64684a59f') in 1.053546 seconds
  Import took 1.060069 seconds .

========================================================================
Received Import Request.
  Time since last request: 24.178176 seconds.
  path: Packages/com.unity.test-framework/package.json
  artifactKey: Guid(d6a2e6e4803de7b43baacdc355fc144d) Importer(815301076,1909f56bfc062723c751e8b465ee728b)
Start importing Packages/com.unity.test-framework/package.json using Guid(d6a2e6e4803de7b43baacdc355fc144d) Importer(815301076,1909f56bfc062723c751e8b465ee728b)  -> (artifact id: 'b5073baafee23ff3ef12c1b94c212dba') in 0.545929 seconds
  Import took 0.549666 seconds .

========================================================================
Received Import Request.
  Time since last request: 1.554147 seconds.
  path: Packages/com.unity.mathematics/package.json
  artifactKey: Guid(d34d0af25c21141a98c0cf3c0066444f) Importer(815301076,1909f56bfc062723c751e8b465ee728b)
Start importing Packages/com.unity.mathematics/package.json using Guid(d34d0af25c21141a98c0cf3c0066444f) Importer(815301076,1909f56bfc062723c751e8b465ee728b)  -> (artifact id: '1d19a92d0295b76cb204f0b26d432a0c') in 1.090235 seconds
  Import took 1.556441 seconds .

========================================================================
Received Import Request.
  Time since last request: 0.000056 seconds.
  path: Packages/com.unity.ide.rider/package.json
  artifactKey: Guid(66c95bb3c74257f41bae2622511dc02d) Importer(815301076,1909f56bfc062723c751e8b465ee728b)
Start importing Packages/com.unity.ide.rider/package.json using Guid(66c95bb3c74257f41bae2622511dc02d) Importer(815301076,1909f56bfc062723c751e8b465ee728b)  -> (artifact id: '914b83ee0ae026f2f9aa118cc6c84c13') in 2.636739 seconds
  Import took 2.642395 seconds .

========================================================================
Received Import Request.
  Time since last request: 56.415323 seconds.
  path: Packages/com.unity.2d.animation/Editor/Unity.2D.Animation.Editor.asmdef
  artifactKey: Guid(7e93558c536f24149a3181fbe0a14523) Importer(815301076,1909f56bfc062723c751e8b465ee728b)
Start importing Packages/com.unity.2d.animation/Editor/Unity.2D.Animation.Editor.asmdef using Guid(7e93558c536f24149a3181fbe0a14523) Importer(815301076,1909f56bfc062723c751e8b465ee728b)  -> (artifact id: 'd82a37c7055149a0bed9e6bad27d29e5') in 10.129379 seconds
  Import took 10.143993 seconds .

========================================================================
Received Import Request.
  Time since last request: 0.000237 seconds.
  path: Packages/com.unity.2d.animation/Runtime/Triangle/Unity.2D.Animation.Triangle.Runtime.asmdef
  artifactKey: Guid(1326b228b72a84c9e8f697fb10022596) Importer(815301076,1909f56bfc062723c751e8b465ee728b)
Start importing Packages/com.unity.2d.animation/Runtime/Triangle/Unity.2D.Animation.Triangle.Runtime.asmdef using Guid(1326b228b72a84c9e8f697fb10022596) Importer(815301076,1909f56bfc062723c751e8b465ee728b)  -> (artifact id: '6b5f7d8fa3a8a89ea8131e5b592ae014') in 0.010832 seconds
  Import took 0.015238 seconds .

========================================================================
Received Import Request.
  Time since last request: 0.000273 seconds.
  path: Packages/com.unity.2d.animation/Runtime/Unity.2D.Animation.Runtime.asmdef
  artifactKey: Guid(41524c21c95e5fe4dbc5b48bd21995a4) Importer(815301076,1909f56bfc062723c751e8b465ee728b)
Start importing Packages/com.unity.2d.animation/Runtime/Unity.2D.Animation.Runtime.asmdef using Guid(41524c21c95e5fe4dbc5b48bd21995a4) Importer(815301076,1909f56bfc062723c751e8b465ee728b)  -> (artifact id: '7867c28277fb007c96a7d79911f46769') in 0.011608 seconds
  Import took 0.015918 seconds .

========================================================================
Received Import Request.
  Time since last request: 0.000222 seconds.
  path: Packages/com.unity.2d.animation/Tests/Editor/Unity.2D.Animation.EditorTests.asmdef
  artifactKey: Guid(ba283300490772f4f8d1f69efcb7c60f) Importer(815301076,1909f56bfc062723c751e8b465ee728b)
Start importing Packages/com.unity.2d.animation/Tests/Editor/Unity.2D.Animation.EditorTests.asmdef using Guid(ba283300490772f4f8d1f69efcb7c60f) Importer(815301076,1909f56bfc062723c751e8b465ee728b)  -> (artifact id: 'bedadfebbbd9192797be945f4d10bf1d') in 0.010353 seconds
  Import took 0.014021 seconds .

========================================================================
Received Import Request.
  Time since last request: 2.480633 seconds.
  path: Packages/com.unity.timeline/Runtime/Animation
  artifactKey: Guid(de9eb5e2046ffc9448f07e495c436506) Importer(815301076,1909f56bfc062723c751e8b465ee728b)
Start importing Packages/com.unity.timeline/Runtime/Animation using Guid(de9eb5e2046ffc9448f07e495c436506) Importer(815301076,1909f56bfc062723c751e8b465ee728b)  -> (artifact id: 'd2f349363cad16c238312d2c31f89377') in 12.768312 seconds
  Import took 12.783027 seconds .

========================================================================
Received Import Request.
  Time since last request: 7.472359 seconds.
  path: Assets/Scripts/SpriteAnimator.cs
  artifactKey: Guid(1239674165843784c893bf7c96b8e71a) Importer(815301076,1909f56bfc062723c751e8b465ee728b)
Start importing Assets/Scripts/SpriteAnimator.cs using Guid(1239674165843784c893bf7c96b8e71a) Importer(815301076,1909f56bfc062723c751e8b465ee728b)  -> (artifact id: '32ccf579776ce0523819192547eded9d') in 1.614611 seconds
  Import took 1.621356 seconds .

========================================================================
Received Import Request.
  Time since last request: 21.110157 seconds.
  path: Assets/Sprites/New Animation.anim
  artifactKey: Guid(45d915f86331e9847a42f1ca55cd2d03) Importer(815301076,1909f56bfc062723c751e8b465ee728b)
Start importing Assets/Sprites/New Animation.anim using Guid(45d915f86331e9847a42f1ca55cd2d03) Importer(815301076,1909f56bfc062723c751e8b465ee728b)  -> (artifact id: '2e88c09be652c824c482e52bfd4757ea') in 1.173041 seconds
  Import took 1.177308 seconds .

========================================================================
Received Prepare
Registering precompiled user dll's ...
Registered in 0.001816 seconds.
Begin MonoManager ReloadAssembly
Native extension for WindowsStandalone target not found
Refreshing native plugins compatible for Editor in 0.47 ms, found 1 plugins.
Preloading 0 native plugins for Editor in 0.00 ms.
Invoked RoslynAnalysisRunner static constructor.
RoslynAnalysisRunner will not be running.
RoslynAnalysisRunner has terminated.
Mono: successfully reloaded assembly
- Completed reload, in 88.691 seconds
Platform modules already initialized, skipping
Refreshing native plugins compatible for Editor in 0.45 ms, found 1 plugins.
Preloading 0 native plugins for Editor in 0.00 ms.
Unloading 1795 Unused Serialized files (Serialized files now loaded: 0)
System memory in use before: 88.5 MB.
System memory in use after: 88.6 MB.

Unloading 7 unused Assets to reduce memory usage. Loaded Objects now: 2344.
Total: 3.057900 ms (FindLiveObjects: 0.274100 ms CreateObjectMapping: 0.053700 ms MarkObjects: 2.614600 ms  DeleteObjects: 0.113300 ms)

========================================================================
Received Import Request.
  Time since last request: 305.980940 seconds.
  path: Assets/Scenes/Level 4.unity
  artifactKey: Guid(228b9c1c70c2a5d4da74c3eabc1c3906) Importer(815301076,1909f56bfc062723c751e8b465ee728b)
Start importing Assets/Scenes/Level 4.unity using Guid(228b9c1c70c2a5d4da74c3eabc1c3906) Importer(815301076,1909f56bfc062723c751e8b465ee728b)  -> (artifact id: 'fde0ced77bd5ced91905c3fbbc7d4f5d') in 4.265777 seconds
  Import took 4.270303 seconds .

========================================================================
Received Prepare
Registering precompiled user dll's ...
Registered in 0.001666 seconds.
Begin MonoManager ReloadAssembly
Native extension for WindowsStandalone target not found
Refreshing native plugins compatible for Editor in 0.71 ms, found 1 plugins.
Preloading 0 native plugins for Editor in 0.00 ms.
Invoked RoslynAnalysisRunner static constructor.
RoslynAnalysisRunner will not be running.
RoslynAnalysisRunner has terminated.
Mono: successfully reloaded assembly
- Completed reload, in 139.300 seconds
Platform modules already initialized, skipping
Refreshing native plugins compatible for Editor in 0.46 ms, found 1 plugins.
Preloading 0 native plugins for Editor in 0.00 ms.
Unloading 1795 Unused Serialized files (Serialized files now loaded: 0)
System memory in use before: 88.5 MB.
System memory in use after: 88.6 MB.

Unloading 7 unused Assets to reduce memory usage. Loaded Objects now: 2347.
Total: 336.193500 ms (FindLiveObjects: 171.647600 ms CreateObjectMapping: 63.444700 ms MarkObjects: 100.992900 ms  DeleteObjects: 0.105600 ms)

========================================================================
Received Prepare
Registering precompiled user dll's ...
Registered in 0.001823 seconds.
Begin MonoManager ReloadAssembly
Native extension for WindowsStandalone target not found
Refreshing native plugins compatible for Editor in 14.03 ms, found 1 plugins.
Preloading 0 native plugins for Editor in 0.00 ms.
Invoked RoslynAnalysisRunner static constructor.
RoslynAnalysisRunner will not be running.
RoslynAnalysisRunner has terminated.
Mono: successfully reloaded assembly
- Completed reload, in 28.769 seconds
Platform modules already initialized, skipping
Refreshing native plugins compatible for Editor in 0.48 ms, found 1 plugins.
Preloading 0 native plugins for Editor in 0.00 ms.
Unloading 1795 Unused Serialized files (Serialized files now loaded: 0)
System memory in use before: 88.5 MB.
System memory in use after: 88.6 MB.

Unloading 7 unused Assets to reduce memory usage. Loaded Objects now: 2350.
Total: 3.074300 ms (FindLiveObjects: 0.281500 ms CreateObjectMapping: 0.054500 ms MarkObjects: 2.628000 ms  DeleteObjects: 0.107500 ms)

========================================================================
Received Import Request.
  Time since last request: 698.485243 seconds.
  path: Packages/com.unity.2d.animation/Editor/Assets/SkinningModule/BoneInspectorPanel.uxml
  artifactKey: Guid(1b45e34b5d565204db1307b88755e76d) Importer(815301076,1909f56bfc062723c751e8b465ee728b)
Start importing Packages/com.unity.2d.animation/Editor/Assets/SkinningModule/BoneInspectorPanel.uxml using Guid(1b45e34b5d565204db1307b88755e76d) Importer(815301076,1909f56bfc062723c751e8b465ee728b)  -> (artifact id: 'c817cf64f910c50af06f14257d34945b') in 1.076965 seconds
  Import took 1.347345 seconds .

========================================================================
Received Import Request.
  Time since last request: 0.000055 seconds.
  path: Packages/com.unity.2d.animation/Editor/Assets/SkinningModule/GenerateWeightsPanel.uxml
  artifactKey: Guid(676867f8653a3ec40a598ba3ccea79c6) Importer(815301076,1909f56bfc062723c751e8b465ee728b)
Start importing Packages/com.unity.2d.animation/Editor/Assets/SkinningModule/GenerateWeightsPanel.uxml using Guid(676867f8653a3ec40a598ba3ccea79c6) Importer(815301076,1909f56bfc062723c751e8b465ee728b)  -> (artifact id: '3512110108897752b223a4ae6cde9b32') in 0.529463 seconds
  Import took 0.534165 seconds .

========================================================================
Received Import Request.
  Time since last request: 0.000056 seconds.
  path: Packages/com.unity.2d.animation/Editor/Assets/SkinningModule/GenerateGeometryPanelStyle.uss
  artifactKey: Guid(3a255b868cdf39a4494f59819f0ff29e) Importer(815301076,1909f56bfc062723c751e8b465ee728b)
Start importing Packages/com.unity.2d.animation/Editor/Assets/SkinningModule/GenerateGeometryPanelStyle.uss using Guid(3a255b868cdf39a4494f59819f0ff29e) Importer(815301076,1909f56bfc062723c751e8b465ee728b)  -> (artifact id: '3b550bf1bcac2c3dd2bf94baaf979194') in 0.816398 seconds
  Import took 1.070531 seconds .

========================================================================
Received Import Request.
  Time since last request: 0.000055 seconds.
  path: Packages/com.unity.2d.animation/Editor/Assets/SkinningModule/BoneInspectorPanelStyle.uss
  artifactKey: Guid(630253c1b6a245746ac843e5cad0aac6) Importer(815301076,1909f56bfc062723c751e8b465ee728b)
Start importing Packages/com.unity.2d.animation/Editor/Assets/SkinningModule/BoneInspectorPanelStyle.uss using Guid(630253c1b6a245746ac843e5cad0aac6) Importer(815301076,1909f56bfc062723c751e8b465ee728b)  -> (artifact id: 'e52398cd9c5f30fdd7d3c299947da710') in 1.023068 seconds
  Import took 1.039381 seconds .

========================================================================
Received Import Request.
  Time since last request: 0.000056 seconds.
  path: Packages/com.unity.2d.animation/Editor/Assets/SkinningModule/WeightInspectorIMGUIPanelStyle.uss
  artifactKey: Guid(31c817456951a8b4f9c5a038f633223c) Importer(815301076,1909f56bfc062723c751e8b465ee728b)
Start importing Packages/com.unity.2d.animation/Editor/Assets/SkinningModule/WeightInspectorIMGUIPanelStyle.uss using Guid(31c817456951a8b4f9c5a038f633223c) Importer(815301076,1909f56bfc062723c751e8b465ee728b)  -> (artifact id: '2761b5ce16dff11980b49a38853b14bf') in 0.531464 seconds
  Import took 0.537746 seconds .

========================================================================
Received Import Request.
  Time since last request: 0.000055 seconds.
  path: Packages/com.unity.2d.animation/Editor/Assets/SkinningModule/BoneInspectorPanelStyle.uss
  artifactKey: Guid(630253c1b6a245746ac843e5cad0aac6) Importer(815301076,1909f56bfc062723c751e8b465ee728b)
Start importing Packages/com.unity.2d.animation/Editor/Assets/SkinningModule/BoneInspectorPanelStyle.uss using Guid(630253c1b6a245746ac843e5cad0aac6) Importer(815301076,1909f56bfc062723c751e8b465ee728b)  -> (artifact id: 'e52398cd9c5f30fdd7d3c299947da710') in 0.083878 seconds
  Import took 0.660836 seconds .

========================================================================
Received Import Request.
  Time since last request: 0.015778 seconds.
  path: Packages/com.unity.2d.animation/Editor/Assets/SkinningModule/WeightPainterPanelStyle.uss
  artifactKey: Guid(b94e074c751075841957558677e2e60e) Importer(815301076,1909f56bfc062723c751e8b465ee728b)
Start importing Packages/com.unity.2d.animation/Editor/Assets/SkinningModule/WeightPainterPanelStyle.uss using Guid(b94e074c751075841957558677e2e60e) Importer(815301076,1909f56bfc062723c751e8b465ee728b)  -> (artifact id: '318e18f0eee1c37d0fd831b3a6c147ad') in 0.740576 seconds
  Import took 0.820652 seconds .

========================================================================
Received Import Request.
  Time since last request: 0.000057 seconds.
  path: Packages/com.unity.2d.animation/Editor/Assets/SkinningModule/PastePanel.uxml
  artifactKey: Guid(7bbb98f319252794fab775275aa2632d) Importer(815301076,1909f56bfc062723c751e8b465ee728b)
Start importing Packages/com.unity.2d.animation/Editor/Assets/SkinningModule/PastePanel.uxml using Guid(7bbb98f319252794fab775275aa2632d) Importer(815301076,1909f56bfc062723c751e8b465ee728b)  -> (artifact id: '20c4ec3121a051b8e3aa8f6bdeefa657') in 0.618833 seconds
  Import took 1.068791 seconds .

========================================================================
Received Import Request.
  Time since last request: 0.000075 seconds.
  path: Packages/com.unity.2d.animation/Editor/Assets/SkinningModule/PastePanelStyle.uss
  artifactKey: Guid(2362443a3fd04784d9c18412e771c7fa) Importer(815301076,1909f56bfc062723c751e8b465ee728b)
Start importing Packages/com.unity.2d.animation/Editor/Assets/SkinningModule/PastePanelStyle.uss using Guid(2362443a3fd04784d9c18412e771c7fa) Importer(815301076,1909f56bfc062723c751e8b465ee728b)  -> (artifact id: '90837e90cee17cc78336ab18da4253c4') in 0.899851 seconds
  Import took 1.040332 seconds .

========================================================================
Received Import Request.
  Time since last request: 0.000055 seconds.
  path: Packages/com.unity.2d.animation/Editor/Assets/SkinningModule/GenerateGeometryPanel.uxml
  artifactKey: Guid(d62df6d8cd1bb504dbae262bb6d6efe6) Importer(815301076,1909f56bfc062723c751e8b465ee728b)
Start importing Packages/com.unity.2d.animation/Editor/Assets/SkinningModule/GenerateGeometryPanel.uxml using Guid(d62df6d8cd1bb504dbae262bb6d6efe6) Importer(815301076,1909f56bfc062723c751e8b465ee728b)  -> (artifact id: '7fd4aba2d33653eacd2427d3fd147c28') in 0.935147 seconds
  Import took 1.053371 seconds .

========================================================================
Received Import Request.
  Time since last request: 0.000056 seconds.
  path: Packages/com.unity.2d.animation/Editor/Assets/SkinningModule/WeightPainterPanel.uxml
  artifactKey: Guid(6e9568834ba2b2c44af4e3876cee0d2d) Importer(815301076,1909f56bfc062723c751e8b465ee728b)
Start importing Packages/com.unity.2d.animation/Editor/Assets/SkinningModule/WeightPainterPanel.uxml using Guid(6e9568834ba2b2c44af4e3876cee0d2d) Importer(815301076,1909f56bfc062723c751e8b465ee728b)  -> (artifact id: '66c0301d76e4e282a30e23891dbe12d1') in 1.799672 seconds
  Import took 2.082162 seconds .

========================================================================
Received Import Request.
  Time since last request: 0.000054 seconds.
  path: Packages/com.unity.2d.animation/Editor/Assets/SkinningModule/GenerateGeometryPanel.uxml
  artifactKey: Guid(d62df6d8cd1bb504dbae262bb6d6efe6) Importer(815301076,1909f56bfc062723c751e8b465ee728b)
Start importing Packages/com.unity.2d.animation/Editor/Assets/SkinningModule/GenerateGeometryPanel.uxml using Guid(d62df6d8cd1bb504dbae262bb6d6efe6) Importer(815301076,1909f56bfc062723c751e8b465ee728b)  -> (artifact id: '7fd4aba2d33653eacd2427d3fd147c28') in 0.314916 seconds
  Import took 1.095843 seconds .

========================================================================
Received Import Request.
  Time since last request: 0.000081 seconds.
  path: Packages/com.unity.2d.animation/Editor/Assets/SkinningModule/GenerateWeightsPanelStyle.uss
  artifactKey: Guid(24c60fb4e4533094889a2aa33ce92889) Importer(815301076,1909f56bfc062723c751e8b465ee728b)
Start importing Packages/com.unity.2d.animation/Editor/Assets/SkinningModule/GenerateWeightsPanelStyle.uss using Guid(24c60fb4e4533094889a2aa33ce92889) Importer(815301076,1909f56bfc062723c751e8b465ee728b)  -> (artifact id: '090ad49f08efaff0f566f13c6149cea6') in 0.367006 seconds
  Import took 0.538749 seconds .

========================================================================
Received Import Request.
  Time since last request: 13.683248 seconds.
  path: Packages/com.unity.2d.spriteshape/package.json
  artifactKey: Guid(4eabc3d1ad1424372b03cfc117521e24) Importer(815301076,1909f56bfc062723c751e8b465ee728b)
Start importing Packages/com.unity.2d.spriteshape/package.json using Guid(4eabc3d1ad1424372b03cfc117521e24) Importer(815301076,1909f56bfc062723c751e8b465ee728b)  -> (artifact id: '181e385e8329cb060791930ccfd015cc') in 0.537184 seconds
  Import took 1.058572 seconds .

========================================================================
Received Import Request.
  Time since last request: 3.276439 seconds.
  path: Packages/com.unity.2d.tilemap/package.json
  artifactKey: Guid(51797d68d3132bb419217a229e09fc47) Importer(815301076,1909f56bfc062723c751e8b465ee728b)
Start importing Packages/com.unity.2d.tilemap/package.json using Guid(51797d68d3132bb419217a229e09fc47) Importer(815301076,1909f56bfc062723c751e8b465ee728b)  -> (artifact id: '69d3bc7bed99de26d118ef99460a0125') in 0.051408 seconds
  Import took 0.451286 seconds .

========================================================================
Received Import Request.
  Time since last request: 1.304128 seconds.
  path: Packages/com.unity.ext.nunit/package.json
  artifactKey: Guid(8143d3a8390f2c64685e3bc272bd9e90) Importer(815301076,1909f56bfc062723c751e8b465ee728b)
Start importing Packages/com.unity.ext.nunit/package.json using Guid(8143d3a8390f2c64685e3bc272bd9e90) Importer(815301076,1909f56bfc062723c751e8b465ee728b)  -> (artifact id: '36ff72030f92fb36161743879e30401d') in 0.210008 seconds
  Import took 0.215578 seconds .

========================================================================
Received Import Request.
  Time since last request: 18.546186 seconds.
  path: Assets/TextMesh Pro/Sprites
  artifactKey: Guid(d0603b6d5186471b96c778c3949c7ce2) Importer(815301076,1909f56bfc062723c751e8b465ee728b)
Start importing Assets/TextMesh Pro/Sprites using Guid(d0603b6d5186471b96c778c3949c7ce2) Importer(815301076,1909f56bfc062723c751e8b465ee728b)  -> (artifact id: 'df6686d0298fea55e558509bd5cbbbe6') in 0.816053 seconds
  Import took 0.829488 seconds .

========================================================================
Received Import Request.
  Time since last request: 0.000057 seconds.
  path: Assets/TextMesh Pro/Sprites/EmojiOne.png
  artifactKey: Guid(dffef66376be4fa480fb02b19edbe903) Importer(815301076,1909f56bfc062723c751e8b465ee728b)
Start importing Assets/TextMesh Pro/Sprites/EmojiOne.png using Guid(dffef66376be4fa480fb02b19edbe903) Importer(815301076,1909f56bfc062723c751e8b465ee728b)  -> (artifact id: '30afe7fccf0a1d2b087b4c5593ad9f51') in 3.497177 seconds
  Import took 4.023833 seconds .

========================================================================
Received Import Request.
  Time since last request: 42.970852 seconds.
  path: Assets/Sprites/Dewey.controller
  artifactKey: Guid(43f2446d19b87144b9dce9a2d9fb9365) Importer(815301076,1909f56bfc062723c751e8b465ee728b)
Start importing Assets/Sprites/Dewey.controller using Guid(43f2446d19b87144b9dce9a2d9fb9365) Importer(815301076,1909f56bfc062723c751e8b465ee728b)  -> (artifact id: '12b5a94948a88399c4f189baf605deb9') in 1.608142 seconds
  Import took 1.612281 seconds .

========================================================================
Received Prepare
Registering precompiled user dll's ...
Registered in 0.001548 seconds.
Begin MonoManager ReloadAssembly
Native extension for WindowsStandalone target not found
Refreshing native plugins compatible for Editor in 0.45 ms, found 1 plugins.
Preloading 0 native plugins for Editor in 0.00 ms.
Invoked RoslynAnalysisRunner static constructor.
RoslynAnalysisRunner will not be running.
RoslynAnalysisRunner has terminated.
Mono: successfully reloaded assembly
- Completed reload, in 40.209 seconds
Platform modules already initialized, skipping
Refreshing native plugins compatible for Editor in 0.46 ms, found 1 plugins.
Preloading 0 native plugins for Editor in 0.00 ms.
Unloading 1796 Unused Serialized files (Serialized files now loaded: 0)
System memory in use before: 88.5 MB.
System memory in use after: 88.6 MB.

Unloading 7 unused Assets to reduce memory usage. Loaded Objects now: 2354.
Total: 3.378400 ms (FindLiveObjects: 0.249200 ms CreateObjectMapping: 0.052400 ms MarkObjects: 2.954700 ms  DeleteObjects: 0.120200 ms)

========================================================================
Received Import Request.
  Time since last request: 492.188484 seconds.
  path: Assets/Sprites/DeweyIce.anim
  artifactKey: Guid(287d6477861dfaf408cc203258725056) Importer(815301076,1909f56bfc062723c751e8b465ee728b)
Start importing Assets/Sprites/DeweyIce.anim using Guid(287d6477861dfaf408cc203258725056) Importer(815301076,1909f56bfc062723c751e8b465ee728b)  -> (artifact id: '7cb09b8c0c69c81fcc2f59066bc724ec') in 0.281021 seconds
  Import took 0.310518 seconds .

========================================================================
Received Import Request.
  Time since last request: 457.855902 seconds.
  path: Assets/Sprites/Idle.anim
  artifactKey: Guid(41772f8fcd2d7174ea68482b3436843f) Importer(815301076,1909f56bfc062723c751e8b465ee728b)
Start importing Assets/Sprites/Idle.anim using Guid(41772f8fcd2d7174ea68482b3436843f) Importer(815301076,1909f56bfc062723c751e8b465ee728b)  -> (artifact id: '7d0e09807a13363ead5df8f275f73790') in 0.056552 seconds
  Import took 0.072629 seconds .

========================================================================
Received Import Request.
  Time since last request: 320.974695 seconds.
  path: Assets/Scripts/Player.cs
  artifactKey: Guid(09f9030fec901664ca3d66257f603fb1) Importer(815301076,1909f56bfc062723c751e8b465ee728b)
Start importing Assets/Scripts/Player.cs using Guid(09f9030fec901664ca3d66257f603fb1) Importer(815301076,1909f56bfc062723c751e8b465ee728b)  -> (artifact id: 'c5ffb3b1ace4b6aba779d0a39c22bb26') in 0.032568 seconds
  Import took 0.048848 seconds .

========================================================================
Received Prepare
Registering precompiled user dll's ...
Registered in 0.001820 seconds.
Begin MonoManager ReloadAssembly
Native extension for WindowsStandalone target not found
Refreshing native plugins compatible for Editor in 0.48 ms, found 1 plugins.
Preloading 0 native plugins for Editor in 0.00 ms.
Invoked RoslynAnalysisRunner static constructor.
RoslynAnalysisRunner will not be running.
RoslynAnalysisRunner has terminated.
Mono: successfully reloaded assembly
- Completed reload, in 74.009 seconds
Platform modules already initialized, skipping
Refreshing native plugins compatible for Editor in 0.45 ms, found 1 plugins.
Preloading 0 native plugins for Editor in 0.00 ms.
Unloading 1796 Unused Serialized files (Serialized files now loaded: 0)
System memory in use before: 88.5 MB.
System memory in use after: 88.6 MB.

Unloading 7 unused Assets to reduce memory usage. Loaded Objects now: 2357.
Total: 3.849300 ms (FindLiveObjects: 0.457200 ms CreateObjectMapping: 0.056200 ms MarkObjects: 3.223200 ms  DeleteObjects: 0.109700 ms)

========================================================================
Received Prepare
Registering precompiled user dll's ...
Registered in 0.150303 seconds.
Begin MonoManager ReloadAssembly
Native extension for WindowsStandalone target not found
Refreshing native plugins compatible for Editor in 0.46 ms, found 1 plugins.
Preloading 0 native plugins for Editor in 0.00 ms.
Invoked RoslynAnalysisRunner static constructor.
RoslynAnalysisRunner will not be running.
RoslynAnalysisRunner has terminated.
Mono: successfully reloaded assembly
- Completed reload, in 45.544 seconds
Platform modules already initialized, skipping
Refreshing native plugins compatible for Editor in 0.67 ms, found 1 plugins.
Preloading 0 native plugins for Editor in 0.00 ms.
Unloading 1796 Unused Serialized files (Serialized files now loaded: 0)
System memory in use before: 88.6 MB.
System memory in use after: 88.7 MB.

Unloading 7 unused Assets to reduce memory usage. Loaded Objects now: 2360.
Total: 2.857600 ms (FindLiveObjects: 0.238800 ms CreateObjectMapping: 0.053300 ms MarkObjects: 2.461700 ms  DeleteObjects: 0.101400 ms)

========================================================================
Received Prepare
Registering precompiled user dll's ...
Registered in 0.002659 seconds.
Begin MonoManager ReloadAssembly
Native extension for WindowsStandalone target not found
Refreshing native plugins compatible for Editor in 0.51 ms, found 1 plugins.
Preloading 0 native plugins for Editor in 0.00 ms.
Invoked RoslynAnalysisRunner static constructor.
RoslynAnalysisRunner will not be running.
RoslynAnalysisRunner has terminated.
Mono: successfully reloaded assembly
- Completed reload, in 58.240 seconds
Platform modules already initialized, skipping
Refreshing native plugins compatible for Editor in 0.58 ms, found 1 plugins.
Preloading 0 native plugins for Editor in 0.00 ms.
Unloading 1796 Unused Serialized files (Serialized files now loaded: 0)
System memory in use before: 88.6 MB.
System memory in use after: 88.7 MB.

Unloading 7 unused Assets to reduce memory usage. Loaded Objects now: 2363.
Total: 2.898000 ms (FindLiveObjects: 0.274500 ms CreateObjectMapping: 0.055000 ms MarkObjects: 2.460700 ms  DeleteObjects: 0.105400 ms)

========================================================================
Received Import Request.
  Time since last request: 1459.130226 seconds.
  path: Assets/Sprites/New Animation 1.anim
  artifactKey: Guid(88816e43981f79341a901adf1851182e) Importer(815301076,1909f56bfc062723c751e8b465ee728b)
Start importing Assets/Sprites/New Animation 1.anim using Guid(88816e43981f79341a901adf1851182e) Importer(815301076,1909f56bfc062723c751e8b465ee728b)  -> (artifact id: '7982e528726f6f506e56ee5134a66f93') in 0.876025 seconds
  Import took 2.235080 seconds .

AssetImportWorkerClient::OnTransportError - code=2 error=End of file
